<?xml version="1.0" encoding="UTF-8" standalone="no"?><testsuite errors="1" failures="0" name="Address Shipping" skipped="0" tests="1" time="0.33" timestamp="2023-11-06 05:44:54"><testcase name="Address Shipping"><error message="Step [setShipping] is defined with 10 parameters at 'stepdefinitions.ShippingStep.setShipping(java.lang.String,java.lang.String,java.lang.String,java.lang.String,java.lang.String,java.lang.String,java.lang.String,java.lang.String,java.lang.String,java.lang.String)'.&#10;However, the gherkin step has 1 arguments:&#10; * Table:&#10;      | firstName | lastName | company | street   | city  | region | postcode | telephone  | country |&#10;      | nam       | nam      | osc     | phamhung | hanoi | hanoi  | 123      | 0835678910 | vietnam |&#10;&#10;Step text: setShipping" type="io.cucumber.core.exception.CucumberException">Step [setShipping] is defined with 10 parameters at 'stepdefinitions.ShippingStep.setShipping(java.lang.String,java.lang.String,java.lang.String,java.lang.String,java.lang.String,java.lang.String,java.lang.String,java.lang.String,java.lang.String,java.lang.String)'.
However, the gherkin step has 1 arguments:
 * Table:
      | firstName | lastName | company | street   | city  | region | postcode | telephone  | country |
      | nam       | nam      | osc     | phamhung | hanoi | hanoi  | 123      | 0835678910 | vietnam |

Step text: setShipping</error><system-err>Step [setShipping] is defined with 10 parameters at 'stepdefinitions.ShippingStep.setShipping(java.lang.String,java.lang.String,java.lang.String,java.lang.String,java.lang.String,java.lang.String,java.lang.String,java.lang.String,java.lang.String,java.lang.String)'.
However, the gherkin step has 1 arguments:
 * Table:
      | firstName | lastName | company | street   | city  | region | postcode | telephone  | country |
      | nam       | nam      | osc     | phamhung | hanoi | hanoi  | 123      | 0835678910 | vietnam |

Step text: setShipping&#13;
io.cucumber.core.runner.PickleStepDefinitionMatch.arityMismatch(PickleStepDefinitionMatch.java:83)&#13;
io.cucumber.core.runner.PickleStepDefinitionMatch.runStep(PickleStepDefinitionMatch.java:42)&#13;
io.cucumber.core.runner.TestStep.executeStep(TestStep.java:86)&#13;
io.cucumber.core.runner.TestStep.run(TestStep.java:57)&#13;
io.cucumber.core.runner.PickleStepTestStep.run(PickleStepTestStep.java:51)&#13;
io.cucumber.core.runner.TestCase.run(TestCase.java:95)&#13;
io.cucumber.core.runner.Runner.runPickle(Runner.java:75)&#13;
io.cucumber.core.runtime.CucumberExecutionContext.lambda$runTestCase$3(CucumberExecutionContext.java:151)&#13;
io.cucumber.core.runtime.RethrowingThrowableCollector.executeAndThrow(RethrowingThrowableCollector.java:23)&#13;
io.cucumber.core.runtime.CucumberExecutionContext.runTestCase(CucumberExecutionContext.java:151)&#13;
io.cucumber.junit.FeatureRunner.runChild(FeatureRunner.java:144)&#13;
io.cucumber.junit.FeatureRunner.runChild(FeatureRunner.java:28)&#13;
io.cucumber.junit.FeatureRunner.run(FeatureRunner.java:137)&#13;
io.cucumber.junit.CucumberSerenityRunner.runChild(CucumberSerenityRunner.java:259)&#13;
io.cucumber.junit.CucumberSerenityRunner.runChild(CucumberSerenityRunner.java:58)&#13;
</system-err></testcase></testsuite>