<?xml version="1.0" encoding="UTF-8"?>
<testsuite xmlns:xsi="http://www.w3.org/2001/XMLSchema-instance" xsi:noNamespaceSchemaLocation="https://maven.apache.org/surefire/maven-failsafe-plugin/xsd/failsafe-test-report-3.0.xsd" version="3.0" name="testsuites.DemoTestSuite" time="13.438" tests="1" errors="0" skipped="0" failures="0">
  <properties>
[...]
</properties>
  <testcase name="global shipping method" classname="Demo Guest place order with API" time="11.81">
    <system-out><![CDATA[
@global-shipping-method
Scenario Outline: global shipping method        &amp#27;[90m# src/test/resources/features/GlobalShippingMethod.feature:81&amp#27;[0m
&amp#27;[92m|-- 1: global shipping method ({country=ca_en, email=dunghv1@smartosc.com, paymentMethod=cashondelivery})&amp#27;[0m
Set session id: SCENARIO - global shipping method
Set session id: PATH_FEATURE - /D:/Automation-Api/GSM_API/src/test/resources/features/GlobalShippingMethod.feature
Set session id: DIRECTORY_FEATURE - /D:/Automation-Api/GSM_API/src/test/resources/features/GlobalShippingMethod.feature
&amp#27;[92m|---- Given Guest create empty cart ca_en&amp#27;[0m
&amp#27;[92m|------ Guest cart page gsm&amp#27;[0m
Get session id: COUNTRY - ca_en
&amp#27;[92m|-------- Guest should see a value that is equal to: <200>&amp#27;[0m
Set session id: COUNTRY - ca_en
  &amp#27;[32mGiven &amp#27;[0m&amp#27;[32m&amp#27;[0m&amp#27;[32m&amp#27;[1mGuest&amp#27;[0m&amp#27;[32m create empty cart &amp#27;[0m&amp#27;[32m&amp#27;[1mca_en&amp#27;[0m           &amp#27;[90m# stepdefinitions.CartStepGSM.createEmptyCart(net.serenitybdd.screenplay.Actor,java.lang.String)&amp#27;[0m
&amp#27;[92m|---- When Set Guest "dunghv1@smartosc.com" on cart&amp#27;[0m
key - value: Email - dunghv1@smartosc.com
key - value: CartID - sRcLPWevvvbXN3BLNWOoz2HCj3lUTHY7
Get session id: COUNTRY - ca_en
&amp#27;[92m|------ Guest should see a value that is equal to: <200>&amp#27;[0m
{
    "data": {
        "setGuestEmailOnCart": {
            "cart": {
                "email": "dunghv1@smartosc.com"
            }
        }
    }
}
  &amp#27;[32mWhen &amp#27;[0m&amp#27;[32mSet Guest &amp#27;[0m&amp#27;[32m&amp#27;[1m"dunghv1@smartosc.com"&amp#27;[0m&amp#27;[32m on cart&amp#27;[0m &amp#27;[90m# stepdefinitions.CartStepGSM.setGuestEmail(java.lang.String)&amp#27;[0m
&amp#27;[92m|---- And Get Product
| product_id | postCode |
| Auto7966073.OMD.ACCA.CA | K0E 0B2 |&amp#27;[0m
key - value: Product_id - Auto7966073.OMD.ACCA.CA
key - value: Address_level_4 - K0E 0B2
Get session id: COUNTRY - ca_en
&amp#27;[92m|------ Guest should see a value that is equal to: <200>&amp#27;[0m
{
    "data": {
        "getPbpProduct": {
            "product": {
                "id": 1628,
                "name": "Auto7966073.OMD",
                "sku": "Auto7966073.OMD.ACCA.CA_EN",
                "url_key": "auto7966073-omd",
                "new_from_date": null,
                "new_to_date": null,
                "special_price": null,
                "special_from_date": null,
                "special_to_date": null,
                "stock_status": "IN_STOCK",
                "pre_order": {
                    "delivery_start_date": "2023-08-03 10:53:00",
                    "enable_flag": "N",
                    "end_date": "2023-08-31 10:53:00",
                    "pre_purchase_label": "",
                    "salable_pre_quantity": 1630,
                    "total_pre_quantity": 2204,
                    "start_date": "2023-07-01 10:53:00"
                },
                "price_range": {
                    "minimum_price": {
                        "regular_price": {
                            "value": 1000,
                            "currency": "CAD"
                        },
                        "final_price": {
                            "value": 1000,
                            "currency": "CAD"
                        },
                        "discount": {
                            "amount_off": 0,
                            "percent_off": 0
                        }
                    }
                },
                "membership_price": null,
                "msrp_price": null
            },
            "global_shipping_rules": {
                "items": [
                    {
                        "item_id": 0,
                        "delivery_coverage": null,
                        "rules": [
                            {
                                "rule_type": "homedelivery",
                                "rule_code": "PHUONGLT1",
                                "carrier_name": "FedEx",
                                "rule_name": "PHUONGLT1 CA FE",
                                "rule_id": 1084,
                                "delivery_fee": "100",
                                "carrier_code": "US-FDEN",
                                "delivery_dates": [
                                    "2023-11-23",
                                    "2023-11-24",
                                    "2023-11-25",
                                    "2023-11-26",
                                    "2023-11-27"
                                ],
                                "rule_description": "",
                                "show_delivery_lead_time": true,
                                "show_calendar": true,
                                "delivery_lead_time_min": "2",
                                "delivery_lead_time_max": "3",
                                "delivery_disclaimer": "Delivery within  - working days",
                                "position": 0,
                                "installation_services": {
                                    "select_type": "multiple",
                                    "is_required": false,
                                    "services": [
                                        {
                                            "service_id": 1037,
                                            "service_code": "I1",
                                            "service_fee": "50",
                                            "service_name": "Installation ",
                                            "service_description": ""
                                        }
                                    ]
                                },
                                "haulaway_services": {
                                    "select_type": "multiple",
                                    "is_required": false,
                                    "services": [
                                        {
                                            "service_id": 1040,
                                            "service_code": "H1",
                                            "service_fee": "30",
                                            "service_name": "haulaway",
                                            "service_description": ""
                                        }
                                    ]
                                }
                            }
                        ]
                    }
                ]
            },
            "total_segments": [
                {
                    "code": "grand_total",
                    "title": "Grand Total_CA_EN",
                    "value": 1130,
                    "items": null
                },
                {
                    "code": "subtotal_excl_tax",
                    "title": "Subtotal_CA_EN",
                    "value": 1000,
                    "items": null
                },
                {
                    "code": "discount_tooltip",
                    "title": "Discount Tooltip",
                    "value": null,
                    "items": null
                },
                {
                    "code": "tax",
                    "title": "Tax_CA_EN",
                    "value": 130,
                    "items": [
                        {
                            "title": "CA-ON-HST-K",
                            "value": "130"
                        }
                    ]
                }
            ],
            "paymentsImage": {
                "payments_maketing_text": "You can pay with",
                "payments_image": ""
            }
        }
    }
}
  &amp#27;[32mAnd &amp#27;[0m&amp#27;[32mGet Product&amp#27;[0m                               &amp#27;[90m# stepdefinitions.PBPStep.getProduct(io.cucumber.datatable.DataTable)&amp#27;[0m
    | product_id              | postCode |
    | Auto7966073.OMD.ACCA.CA | K0E 0B2  |
&amp#27;[92m|---- And Add To Cart
| product_id | delivery_date | postCode |
| Auto7966073.OMD.ACCA.CA | 2023-11-22 | K0E 0B2 |&amp#27;[0m
key - value: Relivery_date - 2023-11-22
key - value: Count_Installation - 1037
key - value: Count_haulaway - 1040
key - value: Product_id - Auto7966073.OMD.ACCA.CA
key - value: Rule_id - 1084
key - value: CartID - sRcLPWevvvbXN3BLNWOoz2HCj3lUTHY7
key - value: Address_level_4 - K0E 0B2
Get session id: COUNTRY - ca_en
&amp#27;[92m|------ Guest should see a value that is equal to: <200>&amp#27;[0m
{
    "errors": [
        {
            "message": "Invalid Delivery Date",
            "extensions": {
                "category": "graphql-input"
            },
            "locations": [
                {
                    "line": 2,
                    "column": 5
                }
            ],
            "path": [
                "addToCartPbp"
            ]
        }
    ],
    "data": {
        "addToCartPbp": null
    }
}
  &amp#27;[32mAnd &amp#27;[0m&amp#27;[32mAdd To Cart&amp#27;[0m                               &amp#27;[90m# stepdefinitions.PBPStep.addTOCartWithRuleAndLevel(io.cucumber.datatable.DataTable)&amp#27;[0m
    | product_id              | delivery_date | postCode |
    | Auto7966073.OMD.ACCA.CA | 2023-11-22    | K0E 0B2  |
&amp#27;[92m|---- And Set Shipping Address And Billing
| firstname | lastname | company | street | city | region | postcode | country_code | telephone |
| John | Doe | Company Name | [123xx ABC STreet] | Minnetonka | MS | T7P 0T6 | DE | 9526452222 |&amp#27;[0m
key - value: country_code - DE
key - value: firstname - John
key - value: city - Minnetonka
key - value: street - [123xx ABC STreet]
key - value: postcode - T7P 0T6
key - value: company - Company Name
key - value: telephone - 9526452222
key - value: region - MS
key - value: Cart_id - sRcLPWevvvbXN3BLNWOoz2HCj3lUTHY7
key - value: lastname - Doe
Get session id: COUNTRY - ca_en
&amp#27;[92m|------ Guest should see a value that is equal to: <200>&amp#27;[0m
{
    "data": {
        "setShippingAddressesOnCart": {
            "cart": {
                "shipping_addresses": [
                    {
                        "firstname": "John",
                        "lastname": "Doe",
                        "company": "Company Name",
                        "street": [
                            "107 Sydney",
                            "Australian Street"
                        ],
                        "city": "Minnetonka",
                        "region": {
                            "code": null,
                            "label": "AB"
                        },
                        "postcode": "T7P 0T6",
                        "telephone": "9526452222",
                        "country": {
                            "code": "DE",
                            "label": "DE"
                        },
                        "available_shipping_methods": [
                            
                        ]
                    }
                ]
            }
        },
        "setBillingAddressOnCart": {
            "cart": {
                "billing_address": {
                    "firstname": "John",
                    "lastname": "Doe",
                    "company": "Company Name",
                    "street": [
                        "107 Sydney",
                        "Australian Street"
                    ],
                    "city": "Minnetonka",
                    "region": {
                        "code": "MS",
                        "label": "MS"
                    },
                    "postcode": "T7P 0T6",
                    "telephone": "9526452222",
                    "country": {
                        "code": "DE",
                        "label": "DE"
                    }
                }
            }
        }
    }
}
  &amp#27;[32mAnd &amp#27;[0m&amp#27;[32mSet Shipping Address And Billing&amp#27;[0m          &amp#27;[90m# stepdefinitions.CheckoutSteps.setShippngAddressAndBilling(io.cucumber.datatable.DataTable)&amp#27;[0m
    | firstname | lastname | company      | street             | city       | region | postcode | country_code | telephone  |
    | John      | Doe      | Company Name | [123xx ABC STreet] | Minnetonka | MS     | T7P 0T6  | DE           | 9526452222 |
&amp#27;[92m|---- And Get Cart with Selected Shipping Rule&amp#27;[0m
key - value: CartID - sRcLPWevvvbXN3BLNWOoz2HCj3lUTHY7
Get session id: COUNTRY - ca_en
&amp#27;[92m|------ Guest should see a value that is equal to: <200>&amp#27;[0m
{
    "data": {
        "cart": {
            "email": "dunghv1@smartosc.com",
            "available_global_shipping_rules": {
                "items": [
                    
                ]
            },
            "global_shipping_rule_selected": [
                
            ],
            "billing_address": {
                "city": "Minnetonka",
                "country": {
                    "code": "DE",
                    "label": "DE"
                },
                "firstname": "John",
                "lastname": "Doe",
                "postcode": "T7P 0T6",
                "region": {
                    "code": "MS",
                    "label": "MS"
                },
                "street": [
                    "107 Sydney",
                    "Australian Street"
                ],
                "telephone": "9526452222"
            },
            "shipping_addresses": [
                {
                    "firstname": "John",
                    "lastname": "Doe",
                    "street": [
                        "107 Sydney",
                        "Australian Street"
                    ],
                    "city": "Minnetonka",
                    "region": {
                        "code": null,
                        "label": "AB"
                    },
                    "country": {
                        "code": "DE",
                        "label": "DE"
                    },
                    "telephone": "9526452222",
                    "available_shipping_methods": [
                        
                    ],
                    "selected_shipping_method": null
                }
            ],
            "items": [
                
            ],
            "available_payment_methods": [
                {
                    "code": "cashondelivery",
                    "title": "Cash On Delivery (for testing only)"
                },
                {
                    "code": "paypal_express",
                    "title": "PayPal Express Checkout"
                },
                {
                    "code": "stripe_payments",
                    "title": "Pay online"
                },
                {
                    "code": "adyen_cc_ca",
                    "title": "Credit Card Ca"
                },
                {
                    "code": "adyen_cc",
                    "title": "Credit Card Adyen"
                }
            ],
            "selected_payment_method": {
                "code": "",
                "title": ""
            },
            "applied_coupons": null,
            "prices": {
                "grand_total": {
                    "value": 0,
                    "currency": "CAD"
                }
            }
        }
    }
}
  &amp#27;[32mAnd &amp#27;[0m&amp#27;[32mGet Cart with Selected Shipping Rule&amp#27;[0m      &amp#27;[90m# stepdefinitions.CheckoutSteps.getCartwithSelectedShippingRule()&amp#27;[0m
&amp#27;[92m|---- And Set Payment Method "cashondelivery"&amp#27;[0m
key - value: code - cashondelivery
key - value: CartID - sRcLPWevvvbXN3BLNWOoz2HCj3lUTHY7
Get session id: COUNTRY - ca_en
&amp#27;[92m|------ Guest should see a value that is equal to: <200>&amp#27;[0m
{
    "errors": [
        {
            "message": "The requested Payment Method is not available.",
            "extensions": {
                "category": "graphql-input"
            },
            "locations": [
                {
                    "line": 2,
                    "column": 5
                }
            ],
            "path": [
                "setPaymentMethodOnCart"
            ]
        }
    ],
    "data": {
        "setPaymentMethodOnCart": null
    }
}
  &amp#27;[32mAnd &amp#27;[0m&amp#27;[32mSet Payment Method &amp#27;[0m&amp#27;[32m&amp#27;[1m"cashondelivery"&amp#27;[0m       &amp#27;[90m# stepdefinitions.CheckoutSteps.setPaymentMethod(java.lang.String)&amp#27;[0m
&amp#27;[92m|---- And Place Oder&amp#27;[0m
key - value: CartID - sRcLPWevvvbXN3BLNWOoz2HCj3lUTHY7
Get session id: COUNTRY - ca_en
&amp#27;[92m|------ Guest should see a value that is equal to: <200>&amp#27;[0m
{
    "errors": [
        {
            "message": "Something went wrong, please contact our Admin for support",
            "extensions": {
                "category": "internal"
            },
            "locations": [
                {
                    "line": 2,
                    "column": 5
                }
            ],
            "path": [
                "placeOrder"
            ]
        }
    ],
    "data": {
        "placeOrder": null
    }
}
  &amp#27;[32mAnd &amp#27;[0m&amp#27;[32mPlace Oder&amp#27;[0m                                &amp#27;[90m# stepdefinitions.CheckoutSteps.placeOder()&amp#27;[0m
After run global shipping method
]]></system-out>
    <system-err><![CDATA[[main] INFO io.cucumber.core.plugin.SerenityReporter - Running feature from file:///D:/Automation-Api/GSM_API/src/test/resources/features/GlobalShippingMethod.feature
[main] INFO  - &amp#27;[96m

-------------------------------------------------------------------------------------
     _______. _______ .______       _______ .__   __.  __  .___________.____    ____ 
    /       ||   ____||   _  \     |   ____||  \ |  | |  | |           |\   \  /   / 
   |   (----`|  |__   |  |_)  |    |  |__   |   \|  | |  | `---|  |----` \   \/   /  
    \   \    |   __|  |      /     |   __|  |  . `  | |  |     |  |       \_    _/   
.----)   |   |  |____ |  |\  \----.|  |____ |  |\   | |  |     |  |         |  |     
|_______/    |_______|| _| `._____||_______||__| \__| |__|     |__|         |__|    
                                                                                     
 News and tutorials at http://www.serenity-bdd.info                                  
 Documentation at https://wakaleo.gitbooks.io/the-serenity-book/content/             
 Join the Serenity Community on Gitter: https://gitter.im/serenity-bdd/serenity-core 
 Serenity BDD Support and Training at http://serenity-bdd.info/#/trainingandsupport  
-------------------------------------------------------------------------------------
&amp#27;[0m
[main] INFO  - Test Suite Started: Demo Guest place order with API
[main] INFO io.cucumber.core.plugin.SerenityReporter - Running feature from file:///D:/Automation-Api/GSM_API/src/test/resources/features/GlobalShippingMethod.feature
[main] INFO  - Test Suite Started: Demo Guest place order with API
[main] INFO io.cucumber.core.plugin.SerenityReporter - Running feature from file:///D:/Automation-Api/GSM_API/src/test/resources/features/GlobalShippingMethod.feature
[main] INFO  - 
  _____   ___   ___   _____     ___   _____     _     ___   _____   ___   ___  
 |_   _| | __| / __| |_   _|   / __| |_   _|   /_\   | _ \ |_   _| | __| |   \ 
   | |   | _|  \__ \   | |     \__ \   | |    / _ \  |   /   | |   | _|  | |) |
   |_|   |___| |___/   |_|     |___/   |_|   /_/ \_\ |_|_\   |_|   |___| |___/ 

global shipping method(demo-guest-place-order-with-api;global-shipping-method)
--------------------------------------------------------------------------------
[main] INFO  - &amp#27;[92m
  _____   ___   ___   _____     ___     _     ___   ___   ___   ___  
 |_   _| | __| / __| |_   _|   | _ \   /_\   / __| / __| | __| |   \ 
   | |   | _|  \__ \   | |     |  _/  / _ \  \__ \ \__ \ | _|  | |) |
   |_|   |___| |___/   |_|     |_|   /_/ \_\ |___/ |___/ |___| |___/ 

global shipping method
----------------------------------------------------------------------&amp#27;[0m
]]></system-err>
  </testcase>
</testsuite>