<?xml version="1.0" encoding="UTF-8"?>
<testsuite xmlns:xsi="http://www.w3.org/2001/XMLSchema-instance" xsi:noNamespaceSchemaLocation="https://maven.apache.org/surefire/maven-failsafe-plugin/xsd/failsafe-test-report-3.0.xsd" version="3.0" name="testsuites.DemoTestSuite" time="330.429" tests="1" errors="1" skipped="0" failures="0">
  <properties>
[...]
</properties>
  <testcase name="global shipping method" classname="Demo Guest place order with API" time="327.526">
    <error message="java.util.LinkedHashMap cannot be cast to java.util.List" type="java.lang.ClassCastException"><![CDATA[java.lang.ClassCastException: java.util.LinkedHashMap cannot be cast to java.util.List
	at io.restassured.path.json.JsonPath.getList(JsonPath.java:375)
	at smartosc.base.scrennplay.rest.ReturnPage.getAttributeMetaData(ReturnPage.java:47)
	at stepdefinitions.ReturnStep.createReturnRequest(ReturnStep.java:12)
	at ✽.Create Return Request With Order Number(file:///D:/Automation-Api/GSM_API/src/test/resources/features/GlobalShippingMethod.feature:38)
]]></error>
    <system-out><![CDATA[
@global-shipping-method
Scenario Outline: global shipping method                     &amp#27;[90m# src/test/resources/features/GlobalShippingMethod.feature:44&amp#27;[0m
&amp#27;[92m|-- 1: global shipping method ({country=de, email=dunghv1@smartosc.com, paymentMethod=cashondelivery, url=https://stg2.shop.lg.com/admin})&amp#27;[0m
Set session id: SCENARIO - global shipping method
Set session id: PATH_FEATURE - /D:/Automation-Api/GSM_API/src/test/resources/features/GlobalShippingMethod.feature
Set session id: DIRECTORY_FEATURE - /D:/Automation-Api/GSM_API/src/test/resources/features/GlobalShippingMethod.feature
&amp#27;[92m|---- Given Guest create empty cart de&amp#27;[0m
&amp#27;[92m|------ Guest cart page gsm&amp#27;[0m
Get session id: COUNTRY - de
&amp#27;[92m|-------- Guest should see a value that is equal to: <200>&amp#27;[0m
Set session id: COUNTRY - de
  &amp#27;[32mGiven &amp#27;[0m&amp#27;[32m&amp#27;[0m&amp#27;[32m&amp#27;[1mGuest&amp#27;[0m&amp#27;[32m create empty cart &amp#27;[0m&amp#27;[32m&amp#27;[1mde&amp#27;[0m                           &amp#27;[90m# stepdefinitions.CartStepGSM.createEmptyCart(net.serenitybdd.screenplay.Actor,java.lang.String)&amp#27;[0m
&amp#27;[92m|---- When Set Guest "dunghv1@smartosc.com" on cart&amp#27;[0m
key - value: Email - dunghv1@smartosc.com
key - value: CartID - iSv2y8RFWvBTjzHBOjqCsTcfjc09MXQh
Get session id: COUNTRY - de
&amp#27;[92m|------ Guest should see a value that is equal to: <200>&amp#27;[0m
{
    "data": {
        "setGuestEmailOnCart": {
            "cart": {
                "email": "dunghv1@smartosc.com"
            }
        }
    }
}
  &amp#27;[32mWhen &amp#27;[0m&amp#27;[32mSet Guest &amp#27;[0m&amp#27;[32m&amp#27;[1m"dunghv1@smartosc.com"&amp#27;[0m&amp#27;[32m on cart&amp#27;[0m              &amp#27;[90m# stepdefinitions.CartStepGSM.setGuestEmail(java.lang.String)&amp#27;[0m
&amp#27;[92m|---- And Get Product
| product_id | postCode |
| 49NANO867NA.AEUD.EEDG.DE |  |&amp#27;[0m
key - value: Product_id - 49NANO867NA.AEUD.EEDG.DE
key - value: Address_level_4 - null
Get session id: COUNTRY - de
&amp#27;[92m|------ Guest should see a value that is equal to: <200>&amp#27;[0m
{
    "data": {
        "getPbpProduct": {
            "product": {
                "id": 22,
                "name": "49\" LG 4K NanoCell TV",
                "sku": "49NANO867NA.AEUD.EEDG.DE",
                "url_key": "49nano867na-aeud",
                "new_from_date": null,
                "new_to_date": null,
                "special_price": null,
                "special_from_date": null,
                "special_to_date": null,
                "short_description": {
                    "html": "LED LCD TV 49 (UD)"
                },
                "description": {
                    "html": ""
                },
                "image": {
                    "url": "https://stg2.shop.lg.com/static/version1701326541/frontend/LgGlobal/de/de_DE/Magento_Catalog/images/product/placeholder/image.jpg",
                    "label": "49\" LG 4K NanoCell TV"
                },
                "small_image": {
                    "url": "https://stg2.shop.lg.com/static/version1701326541/frontend/LgGlobal/de/de_DE/Magento_Catalog/images/product/placeholder/small_image.jpg",
                    "label": "49\" LG 4K NanoCell TV"
                },
                "thumbnail": {
                    "url": "https://stg2.shop.lg.com/static/version1701326541/frontend/LgGlobal/de/de_DE/Magento_Catalog/images/product/placeholder/thumbnail.jpg",
                    "label": "49\" LG 4K NanoCell TV"
                },
                "swatch_image": null,
                "media_gallery": [
                    
                ],
                "price_range": {
                    "minimum_price": {
                        "regular_price": {
                            "value": 595,
                            "currency": "EUR"
                        },
                        "final_price": {
                            "value": 1024.84,
                            "currency": "EUR"
                        },
                        "discount": {
                            "amount_off": 0,
                            "percent_off": 0
                        }
                    }
                },
                "msrp_price": 861.21
            },
            "global_shipping_rules": {
                "items": [
                    {
                        "item_id": 0,
                        "rules": [
                            {
                                "rule_name": "Test all product",
                                "rule_id": 1033,
                                "rule_type": "homedelivery",
                                "rule_code": "Test_all_product",
                                "carrier_name": "UAT - Rhenus",
                                "delivery_fee": "0",
                                "carrier_code": "Rhenus",
                                "delivery_dates": [
                                    
                                ],
                                "rule_description": "",
                                "show_delivery_lead_time": false,
                                "show_calendar": false,
                                "delivery_lead_time_min": "3",
                                "delivery_lead_time_max": "5",
                                "delivery_disclaimer": "Die Lieferung von Großgeräten wie z.B. TVs, Kühlschränke oder Waschmaschinen übernimmt Rhenus Home Delivery. Liefertermin nach Absprache.",
                                "position": 0,
                                "installation_services": {
                                    "select_type": "multiple",
                                    "is_required": false,
                                    "services": [
                                        {
                                            "service_id": 902,
                                            "service_code": "Installation",
                                            "service_fee": "0",
                                            "service_name": "aaa",
                                            "service_description": ""
                                        }
                                    ]
                                },
                                "haulaway_services": {
                                    "select_type": "multiple",
                                    "services": [
                                        {
                                            "service_id": 1258,
                                            "service_code": "H2",
                                            "service_fee": "0",
                                            "service_name": "bbbb",
                                            "service_description": ""
                                        }
                                    ]
                                }
                            },
                            {
                                "rule_name": "Rule Dashboad name",
                                "rule_id": 788,
                                "rule_type": "homedelivery",
                                "rule_code": " Shipping rule code (use this value when export order data to ECS/GERP system)",
                                "carrier_name": "UAT - Rhenus",
                                "delivery_fee": "100",
                                "carrier_code": "Rhenus",
                                "delivery_dates": [
                                    
                                ],
                                "rule_description": "",
                                "show_delivery_lead_time": false,
                                "show_calendar": false,
                                "delivery_lead_time_min": "3",
                                "delivery_lead_time_max": "5",
                                "delivery_disclaimer": "Die Lieferung von Großgeräten wie z.B. TVs, Kühlschränke oder Waschmaschinen übernimmt Rhenus Home Delivery. Liefertermin nach Absprache.",
                                "position": 0,
                                "installation_services": {
                                    "select_type": null,
                                    "is_required": null,
                                    "services": null
                                },
                                "haulaway_services": {
                                    "select_type": null,
                                    "services": null
                                }
                            },
                            {
                                "rule_name": "Giang test GSM DE",
                                "rule_id": 1078,
                                "rule_type": "homedelivery",
                                "rule_code": "GSM",
                                "carrier_name": "UAT - UPS",
                                "delivery_fee": "90",
                                "carrier_code": "UPS",
                                "delivery_dates": [
                                    
                                ],
                                "rule_description": "",
                                "show_delivery_lead_time": false,
                                "show_calendar": false,
                                "delivery_lead_time_min": "3",
                                "delivery_lead_time_max": "5",
                                "delivery_disclaimer": "Der Versand von Paketsendungen erfolgt durch UPS.",
                                "position": 0,
                                "installation_services": {
                                    "select_type": "multiple",
                                    "is_required": false,
                                    "services": [
                                        {
                                            "service_id": 1224,
                                            "service_code": "remind",
                                            "service_fee": "40",
                                            "service_name": "Installation ",
                                            "service_description": ""
                                        }
                                    ]
                                },
                                "haulaway_services": {
                                    "select_type": "multiple",
                                    "services": [
                                        {
                                            "service_id": 1221,
                                            "service_code": "TINA",
                                            "service_fee": "20",
                                            "service_name": "haulaway",
                                            "service_description": ""
                                        }
                                    ]
                                }
                            },
                            {
                                "rule_name": "Giang test ASM DE_Rule A",
                                "rule_id": 1081,
                                "rule_type": "homedelivery",
                                "rule_code": "GSM2",
                                "carrier_name": "UAT - Rhenus",
                                "delivery_fee": "100",
                                "carrier_code": "Rhenus",
                                "delivery_dates": [
                                    
                                ],
                                "rule_description": "",
                                "show_delivery_lead_time": false,
                                "show_calendar": false,
                                "delivery_lead_time_min": "3",
                                "delivery_lead_time_max": "5",
                                "delivery_disclaimer": "Die Lieferung von Großgeräten wie z.B. TVs, Kühlschränke oder Waschmaschinen übernimmt Rhenus Home Delivery. Liefertermin nach Absprache.",
                                "position": 0,
                                "installation_services": {
                                    "select_type": "multiple",
                                    "is_required": false,
                                    "services": [
                                        {
                                            "service_id": 902,
                                            "service_code": "Installation",
                                            "service_fee": "50",
                                            "service_name": "Installation ",
                                            "service_description": ""
                                        }
                                    ]
                                },
                                "haulaway_services": {
                                    "select_type": "multiple",
                                    "services": [
                                        {
                                            "service_id": 908,
                                            "service_code": "Altg",
                                            "service_fee": "30",
                                            "service_name": "haulaway",
                                            "service_description": ""
                                        }
                                    ]
                                }
                            }
                        ]
                    }
                ]
            },
            "paymentsImage": {
                "payments_maketing_text": "You can pay with",
                "payments_image": "https://stg2.shop.lg.com/media/payments/logo/websites/11/pay_de_d_logo.png"
            }
        }
    }
}
  &amp#27;[32mAnd &amp#27;[0m&amp#27;[32mGet Product&amp#27;[0m                                            &amp#27;[90m# stepdefinitions.PBPStep.getProduct(io.cucumber.datatable.DataTable)&amp#27;[0m
    | product_id               | postCode |
    | 49NANO867NA.AEUD.EEDG.DE | [empty]  |
&amp#27;[92m|---- And Add To Cart
| product_id | postCode |
| 49NANO867NA.AEUD.EEDG.DE |  |&amp#27;[0m
key - value: Relivery_date - 
key - value: Count_Installation - 902
key - value: Count_haulaway - 1258
key - value: Product_id - 49NANO867NA.AEUD.EEDG.DE
key - value: Rule_id - 1033
key - value: CartID - iSv2y8RFWvBTjzHBOjqCsTcfjc09MXQh
key - value: Address_level_4 - null
Get session id: COUNTRY - de
&amp#27;[92m|------ Guest should see a value that is equal to: <200>&amp#27;[0m
{
    "data": {
        "addToCartPbp": {
            "items": [
                {
                    "id": "646393",
                    "quantity": 1,
                    "is_ready_checkout": 1,
                    "product": {
                        "name": "49\" LG 4K NanoCell TV",
                        "sku": "49NANO867NA.AEUD.EEDG.DE"
                    },
                    "prices": {
                        "price": {
                            "value": 861.21
                        }
                    }
                }
            ],
            "total_segments": [
                {
                    "code": "grand_total",
                    "title": "Grand Total",
                    "value": 1024.84,
                    "items": null
                },
                {
                    "code": "subtotal",
                    "title": "Subtotal (VAT Included)",
                    "value": 1024.84,
                    "items": null
                },
                {
                    "code": "global_shipping_delivery_fee",
                    "title": "Delivery Charge",
                    "value": 0,
                    "items": [
                        {
                            "title": "49NANO867NA.AEUD",
                            "value": "0"
                        }
                    ]
                },
                {
                    "code": "global_shipping_services_fee",
                    "title": "Service Charge",
                    "value": 0,
                    "items": [
                        {
                            "title": "aaa",
                            "value": "0"
                        },
                        {
                            "title": "bbbb",
                            "value": "0"
                        }
                    ]
                }
            ]
        }
    }
}
  &amp#27;[32mAnd &amp#27;[0m&amp#27;[32mAdd To Cart&amp#27;[0m                                            &amp#27;[90m# stepdefinitions.PBPStep.addTOCartWithRuleAndLevel(io.cucumber.datatable.DataTable)&amp#27;[0m
    | product_id               | postCode |
    | 49NANO867NA.AEUD.EEDG.DE | [empty]  |
&amp#27;[92m|---- And Set Shipping Address And Billing
| firstname | lastname | company | street | city | region | postcode | country_code | telephone |
| John | Doe | Company Name | [123xx ABC STreet] | Minnetonka | MS | T7P 0T6 | DE | 9526452222 |&amp#27;[0m
key - value: country_code - DE
key - value: firstname - John
key - value: city - Minnetonka
key - value: street - [123xx ABC STreet]
key - value: postcode - T7P 0T6
key - value: company - Company Name
key - value: telephone - 9526452222
key - value: region - MS
key - value: Cart_id - iSv2y8RFWvBTjzHBOjqCsTcfjc09MXQh
key - value: lastname - Doe
Get session id: COUNTRY - de
&amp#27;[92m|------ Guest should see a value that is equal to: <200>&amp#27;[0m
{
    "data": {
        "setShippingAddressesOnCart": {
            "cart": {
                "shipping_addresses": [
                    {
                        "firstname": "John",
                        "lastname": "Doe",
                        "company": "Company Name",
                        "street": [
                            "107 Sydney",
                            "Australian Street"
                        ],
                        "city": "Minnetonka",
                        "region": {
                            "code": "MS",
                            "label": "MS"
                        },
                        "postcode": "T7P 0T6",
                        "telephone": "9526452222",
                        "country": {
                            "code": "DE",
                            "label": "DE"
                        },
                        "available_shipping_methods": [
                            {
                                "carrier_code": "freeshipping",
                                "carrier_title": "Versand",
                                "method_code": "freeshipping",
                                "method_title": "kostenlos"
                            },
                            {
                                "carrier_code": "global_shipping",
                                "carrier_title": "Versand",
                                "method_code": "global_shipping",
                                "method_title": "Versand"
                            },
                            {
                                "carrier_code": "flatrate",
                                "carrier_title": "Ground Shipping",
                                "method_code": "flatrate",
                                "method_title": "Fixed"
                            },
                            {
                                "carrier_code": "advance_shipping",
                                "carrier_title": "Advance Shipping",
                                "method_code": "advance_shipping",
                                "method_title": "Advance Shipping"
                            }
                        ]
                    }
                ]
            }
        },
        "setBillingAddressOnCart": {
            "cart": {
                "billing_address": {
                    "firstname": "John",
                    "lastname": "Doe",
                    "company": "Company Name",
                    "street": [
                        "107 Sydney",
                        "Australian Street"
                    ],
                    "city": "Minnetonka",
                    "region": {
                        "code": "MS",
                        "label": "MS"
                    },
                    "postcode": "T7P 0T6",
                    "telephone": "9526452222",
                    "country": {
                        "code": "DE",
                        "label": "DE"
                    }
                }
            }
        }
    }
}
  &amp#27;[32mAnd &amp#27;[0m&amp#27;[32mSet Shipping Address And Billing&amp#27;[0m                       &amp#27;[90m# stepdefinitions.CheckoutSteps.setShippngAddressAndBilling(io.cucumber.datatable.DataTable)&amp#27;[0m
    | firstname | lastname | company      | street             | city       | region | postcode | country_code | telephone  |
    | John      | Doe      | Company Name | [123xx ABC STreet] | Minnetonka | MS     | T7P 0T6  | DE           | 9526452222 |
&amp#27;[92m|---- And Get Cart with Selected Shipping Rule&amp#27;[0m
key - value: CartID - iSv2y8RFWvBTjzHBOjqCsTcfjc09MXQh
Get session id: COUNTRY - de
&amp#27;[92m|------ Guest should see a value that is equal to: <200>&amp#27;[0m
{
    "data": {
        "cart": {
            "email": "dunghv1@smartosc.com",
            "available_global_shipping_rules": {
                "items": [
                    {
                        "item_id": 646393,
                        "delivery_coverage": null,
                        "rules": [
                            {
                                "rule_id": 1033,
                                "rule_name": "Test all product",
                                "rule_type": "homedelivery",
                                "rule_code": "Test_all_product",
                                "delivery_fee": "0",
                                "rule_description": "",
                                "carrier_name": "UAT - Rhenus",
                                "carrier_code": "Rhenus",
                                "delivery_dates": [
                                    
                                ],
                                "show_calendar": false,
                                "show_delivery_lead_time": false,
                                "delivery_lead_time_min": "3",
                                "delivery_lead_time_max": "5",
                                "delivery_disclaimer": "Die Lieferung von Großgeräten wie z.B. TVs, Kühlschränke oder Waschmaschinen übernimmt Rhenus Home Delivery. Liefertermin nach Absprache.",
                                "position": 0,
                                "installation_services": {
                                    "select_type": "multiple",
                                    "is_required": false,
                                    "services": [
                                        {
                                            "service_id": 902,
                                            "service_code": "Installation",
                                            "service_fee": "0",
                                            "service_name": "aaa",
                                            "service_description": ""
                                        }
                                    ]
                                },
                                "haulaway_services": {
                                    "select_type": "multiple",
                                    "is_required": false,
                                    "services": [
                                        {
                                            "service_id": 1258,
                                            "service_code": "H2",
                                            "service_fee": "0",
                                            "service_name": "bbbb",
                                            "service_description": ""
                                        }
                                    ]
                                }
                            },
                            {
                                "rule_id": 788,
                                "rule_name": "Rule Dashboad name",
                                "rule_type": "homedelivery",
                                "rule_code": " Shipping rule code (use this value when export order data to ECS/GERP system)",
                                "delivery_fee": "100",
                                "rule_description": "",
                                "carrier_name": "UAT - Rhenus",
                                "carrier_code": "Rhenus",
                                "delivery_dates": [
                                    
                                ],
                                "show_calendar": false,
                                "show_delivery_lead_time": false,
                                "delivery_lead_time_min": "3",
                                "delivery_lead_time_max": "5",
                                "delivery_disclaimer": "Die Lieferung von Großgeräten wie z.B. TVs, Kühlschränke oder Waschmaschinen übernimmt Rhenus Home Delivery. Liefertermin nach Absprache.",
                                "position": 0,
                                "installation_services": {
                                    "select_type": null,
                                    "is_required": null,
                                    "services": null
                                },
                                "haulaway_services": {
                                    "select_type": null,
                                    "is_required": null,
                                    "services": null
                                }
                            },
                            {
                                "rule_id": 1078,
                                "rule_name": "Giang test GSM DE",
                                "rule_type": "homedelivery",
                                "rule_code": "GSM",
                                "delivery_fee": "90",
                                "rule_description": "",
                                "carrier_name": "UAT - UPS",
                                "carrier_code": "UPS",
                                "delivery_dates": [
                                    
                                ],
                                "show_calendar": false,
                                "show_delivery_lead_time": false,
                                "delivery_lead_time_min": "3",
                                "delivery_lead_time_max": "5",
                                "delivery_disclaimer": "Der Versand von Paketsendungen erfolgt durch UPS.",
                                "position": 0,
                                "installation_services": {
                                    "select_type": "multiple",
                                    "is_required": false,
                                    "services": [
                                        {
                                            "service_id": 1224,
                                            "service_code": "remind",
                                            "service_fee": "40",
                                            "service_name": "Installation ",
                                            "service_description": ""
                                        }
                                    ]
                                },
                                "haulaway_services": {
                                    "select_type": "multiple",
                                    "is_required": false,
                                    "services": [
                                        {
                                            "service_id": 1221,
                                            "service_code": "TINA",
                                            "service_fee": "20",
                                            "service_name": "haulaway",
                                            "service_description": ""
                                        }
                                    ]
                                }
                            },
                            {
                                "rule_id": 1081,
                                "rule_name": "Giang test ASM DE_Rule A",
                                "rule_type": "homedelivery",
                                "rule_code": "GSM2",
                                "delivery_fee": "100",
                                "rule_description": "",
                                "carrier_name": "UAT - Rhenus",
                                "carrier_code": "Rhenus",
                                "delivery_dates": [
                                    
                                ],
                                "show_calendar": false,
                                "show_delivery_lead_time": false,
                                "delivery_lead_time_min": "3",
                                "delivery_lead_time_max": "5",
                                "delivery_disclaimer": "Die Lieferung von Großgeräten wie z.B. TVs, Kühlschränke oder Waschmaschinen übernimmt Rhenus Home Delivery. Liefertermin nach Absprache.",
                                "position": 0,
                                "installation_services": {
                                    "select_type": "multiple",
                                    "is_required": false,
                                    "services": [
                                        {
                                            "service_id": 902,
                                            "service_code": "Installation",
                                            "service_fee": "50",
                                            "service_name": "Installation ",
                                            "service_description": ""
                                        }
                                    ]
                                },
                                "haulaway_services": {
                                    "select_type": "multiple",
                                    "is_required": false,
                                    "services": [
                                        {
                                            "service_id": 908,
                                            "service_code": "Altg",
                                            "service_fee": "30",
                                            "service_name": "haulaway",
                                            "service_description": ""
                                        }
                                    ]
                                }
                            }
                        ]
                    }
                ]
            },
            "global_shipping_rule_selected": [
                {
                    "delivery_coverage": null,
                    "delivery_date": "",
                    "item_id": 646393,
                    "rule_id": 1033,
                    "rule_name": "Test all product",
                    "delivery_fee": "0",
                    "installation_services": [
                        {
                            "service_id": 902,
                            "service_code": "Installation",
                            "service_fee": "0",
                            "service_name": "aaa",
                            "service_description": ""
                        }
                    ],
                    "haulaway_services": [
                        {
                            "service_id": 1258,
                            "service_code": "H2",
                            "service_fee": "0",
                            "service_name": "bbbb",
                            "service_description": ""
                        }
                    ]
                }
            ],
            "billing_address": {
                "city": "Minnetonka",
                "country": {
                    "code": "DE",
                    "label": "DE"
                },
                "firstname": "John",
                "lastname": "Doe",
                "postcode": "T7P 0T6",
                "region": {
                    "code": "MS",
                    "label": "MS"
                },
                "street": [
                    "107 Sydney",
                    "Australian Street"
                ],
                "telephone": "9526452222"
            },
            "shipping_addresses": [
                {
                    "firstname": "John",
                    "lastname": "Doe",
                    "street": [
                        "107 Sydney",
                        "Australian Street"
                    ],
                    "city": "Minnetonka",
                    "region": {
                        "code": "MS",
                        "label": "MS"
                    },
                    "country": {
                        "code": "DE",
                        "label": "DE"
                    },
                    "telephone": "9526452222",
                    "available_shipping_methods": [
                        {
                            "amount": {
                                "currency": "EUR",
                                "value": 0
                            },
                            "available": true,
                            "carrier_code": "freeshipping",
                            "carrier_title": "Versand",
                            "error_message": "",
                            "method_code": "freeshipping",
                            "method_title": "kostenlos",
                            "price_excl_tax": {
                                "value": 0,
                                "currency": "EUR"
                            },
                            "price_incl_tax": {
                                "value": 0,
                                "currency": "EUR"
                            }
                        },
                        {
                            "amount": {
                                "currency": "EUR",
                                "value": 0
                            },
                            "available": true,
                            "carrier_code": "global_shipping",
                            "carrier_title": "Versand",
                            "error_message": "",
                            "method_code": "global_shipping",
                            "method_title": "Versand",
                            "price_excl_tax": {
                                "value": 0,
                                "currency": "EUR"
                            },
                            "price_incl_tax": {
                                "value": 0,
                                "currency": "EUR"
                            }
                        },
                        {
                            "amount": {
                                "currency": "EUR",
                                "value": 5
                            },
                            "available": true,
                            "carrier_code": "flatrate",
                            "carrier_title": "Ground Shipping",
                            "error_message": "",
                            "method_code": "flatrate",
                            "method_title": "Fixed",
                            "price_excl_tax": {
                                "value": 5,
                                "currency": "EUR"
                            },
                            "price_incl_tax": {
                                "value": 5,
                                "currency": "EUR"
                            }
                        },
                        {
                            "amount": {
                                "currency": "EUR",
                                "value": 0
                            },
                            "available": true,
                            "carrier_code": "advance_shipping",
                            "carrier_title": "Advance Shipping",
                            "error_message": "",
                            "method_code": "advance_shipping",
                            "method_title": "Advance Shipping",
                            "price_excl_tax": {
                                "value": 0,
                                "currency": "EUR"
                            },
                            "price_incl_tax": {
                                "value": 0,
                                "currency": "EUR"
                            }
                        }
                    ],
                    "selected_shipping_method": {
                        "amount": {
                            "value": 0,
                            "currency": "EUR"
                        },
                        "base_amount": null,
                        "carrier_code": "global",
                        "carrier_title": "Versand",
                        "method_code": "shipping_global_shipping",
                        "method_title": "Versand"
                    }
                }
            ],
            "items": [
                {
                    "id": "646393",
                    "product": {
                        "name": "49\" LG 4K NanoCell TV",
                        "sku": "49NANO867NA.AEUD.EEDG.DE"
                    },
                    "quantity": 1
                }
            ],
            "available_payment_methods": [
                {
                    "code": "mercadopago_custom",
                    "title": "Credit Card - Mercado Pago"
                },
                {
                    "code": "checkmo",
                    "title": "Check / Money order"
                },
                {
                    "code": "cashondelivery",
                    "title": "Cash On Delivery (for testing only)"
                },
                {
                    "code": "mercadopago_global_credit_card",
                    "title": "MercadoPago Credit Card"
                },
                {
                    "code": "mercadopago_pse",
                    "title": "Mercado Pago PSE"
                },
                {
                    "code": "mercadopago_global_pix",
                    "title": "Mercado Pago Pix"
                },
                {
                    "code": "drpay_dropin",
                    "title": " DigitalRiver Payments "
                },
                {
                    "code": "stripe_payments",
                    "title": "Pay online"
                }
            ],
            "selected_payment_method": {
                "code": "",
                "title": ""
            },
            "applied_coupons": null,
            "prices": {
                "grand_total": {
                    "value": 1024.84,
                    "currency": "EUR"
                }
            }
        }
    }
}
  &amp#27;[32mAnd &amp#27;[0m&amp#27;[32mGet Cart with Selected Shipping Rule&amp#27;[0m                   &amp#27;[90m# stepdefinitions.CheckoutSteps.getCartwithSelectedShippingRule()&amp#27;[0m
&amp#27;[92m|---- And Set Payment Method "cashondelivery"&amp#27;[0m
key - value: code - cashondelivery
key - value: CartID - iSv2y8RFWvBTjzHBOjqCsTcfjc09MXQh
Get session id: COUNTRY - de
&amp#27;[92m|------ Guest should see a value that is equal to: <200>&amp#27;[0m
{
    "data": {
        "setPaymentMethodOnCart": {
            "cart": {
                "selected_payment_method": {
                    "code": "cashondelivery"
                }
            }
        }
    }
}
  &amp#27;[32mAnd &amp#27;[0m&amp#27;[32mSet Payment Method &amp#27;[0m&amp#27;[32m&amp#27;[1m"cashondelivery"&amp#27;[0m                    &amp#27;[90m# stepdefinitions.CheckoutSteps.setPaymentMethod(java.lang.String)&amp#27;[0m
&amp#27;[92m|---- And Place Oder&amp#27;[0m
key - value: CartID - iSv2y8RFWvBTjzHBOjqCsTcfjc09MXQh
Get session id: COUNTRY - de
&amp#27;[92m|------ Guest should see a value that is equal to: <200>&amp#27;[0m
{
    "data": {
        "placeOrder": {
            "order": {
                "order_number": "11010004617"
            },
            "redirect_payment_gateway_url": null
        }
    }
}
  &amp#27;[32mAnd &amp#27;[0m&amp#27;[32mPlace Oder&amp#27;[0m                                             &amp#27;[90m# stepdefinitions.CheckoutSteps.placeOder()&amp#27;[0m
&amp#27;[92m|---- Given Auto open url https://stg2.shop.lg.com/admin&amp#27;[0m
&amp#27;[92m|------ Auto open url by href:  https://stg2.shop.lg.com/admin&amp#27;[0m
&amp#27;[92m|-------- Auto opens the https://stg2.shop.lg.com/admin&amp#27;[0m
  &amp#27;[32mGiven &amp#27;[0m&amp#27;[32m&amp#27;[0m&amp#27;[32m&amp#27;[1mAuto&amp#27;[0m&amp#27;[32m open url &amp#27;[0m&amp#27;[32m&amp#27;[1mhttps://stg2.shop.lg.com/admin&amp#27;[0m         &amp#27;[90m# stepdefinitions.LoginStep.openUrl(net.serenitybdd.screenplay.Actor,java.lang.String)&amp#27;[0m
&amp#27;[92m|---- When Login Admin OBS&amp#27;[0m
&amp#27;[92m|------ Auto clears field UserName&amp#27;[0m
&amp#27;[92m|------ Auto enters 'longnv3' into UserName&amp#27;[0m
&amp#27;[92m|------ Auto clears field Password&amp#27;[0m
&amp#27;[92m|------ Auto enters 'admin@123' into Password&amp#27;[0m
&amp#27;[92m|------ Auto clicks on LoginBtn&amp#27;[0m
  &amp#27;[32mWhen &amp#27;[0m&amp#27;[32mLogin Admin OBS&amp#27;[0m                                       &amp#27;[90m# stepdefinitions.LoginStep.loginOBS()&amp#27;[0m
&amp#27;[92m|---- When Go To Order And View Order&amp#27;[0m
&amp#27;[92m|------ Auto clicks on SaleCatalog&amp#27;[0m
&amp#27;[92m|------ Auto clicks on Oder&amp#27;[0m
&amp#27;[92m|------ Auto clears field OrederNumber&amp#27;[0m
&amp#27;[92m|------ Auto enters '11010004617' into OrederNumber&amp#27;[0m
Sleep 1s
Sleep 2s
Sleep 3s
&amp#27;[92m|------ Auto clicks on SearchOreder&amp#27;[0m
Sleep 1s
Sleep 2s
Sleep 3s
&amp#27;[92m|------ Auto clicks on Order&amp#27;[0m
orderUID 13081795
Order UID MTMwODE3OTU=
&amp#27;[92m|------ Auto clicks on Invoice&amp#27;[0m
&amp#27;[92m|------ Auto clicks on SubmitInvoice&amp#27;[0m
ScrollElementIntoMiddle: ItemID
&amp#27;[92m|------ Auto should see ItemID that is displayed&amp#27;[0m
ScrollElementIntoMiddle: ProductType
&amp#27;[92m|------ Auto should see ProductType that is displayed&amp#27;[0m
  &amp#27;[32mWhen &amp#27;[0m&amp#27;[32mGo To Order And View Order&amp#27;[0m                            &amp#27;[90m# stepdefinitions.OderStep.viewOrder()&amp#27;[0m
&amp#27;[92m|---- And Change Order Status to "Preparing for Delivery" By API&amp#27;[0m
{"MessageHeader":{"DocumentType":"CXML_ORDRSP"},"MessageBody":{"ContentList":[{"TRANSIT_TRADE_UNIT_PRICE":"0.000000","NOTA_NO":null,"CARRIER_NAME":"PANTOS","BILL_TO_ADDRESS2_INFO":null,"CONSIGNEE_POSTAL_CODE":"180000","ORDER_CREATED_BY":"404581","SHIPPING_REMARK_INFO":null,"PHONE_NO":null,"SHIP_TO_POSTAL_CODE":"100001","SHIPMENT_PRIORITY_CODE":"Standard","RESIDENCE_TYPE_CODE":null,"TAX_AMOUNT":"313636.000000","SHIP_TO_COUNTY":null,"UNIT_SELLING_PRICE":"3450000.000000","CUSTOMER_CODE":"VN008500001H","SERVICE_CENTER_NAME":null,"PROMISED_SHIP_DATE":null,"BPM_APPROVAL_DATE":null,"ORDER_TYPE_NAME":"REGULAR_OMD_VH","HQ_ACCOUNTING_UNIT_CODE":"GLZ","ORDER_QUANTITY_UOM":"EA","DELIVERY_EXPECTED_YYYYMMDD":"20201027","DELIVERY_CAPACITY_FLAG":null,"SCHEDULE_SHIP_DATE":"2020-10-28 23:00:00.0","SALESPERSON_NO":"VH005735","TRANSPORT_PRO_NO":null,"TRANSFER_FLAG":"E","ZERO_INVO_FLAG":null,"SHIP_TO_STATE_CODE":"HN","RESULT_AFFILIATE_CODE":null,"SALES_DATE":"2020-10-27 16:25:04.0","CONSUMER_SSN":null,"INIT_PROMISED_SHIP_DATE":null,"AUTO_CANCEL_SCHEDULE_DATE":null,"GOODS_INS_SEQ":null,"RETURN_RECEIVING_DATE":"2020-10-26 16:56:07.0","COMPONENT_NO":null,"ORDER_CATEGORY_CODE":"ORDER","EMPLOYEE_NO":"VH005735","REINVOICE_REASON_CODE":null,"RETURN_TYPE_CODE":null,"ORIG_SYS_DOCUMENT_REF":"ORDER_11010004617","LINE_TYPE_CODE":"OMD_REG_L020","DROP_SHIP_FLAG":"N","COND_SHP_WITH_INSP_QTY":"0.00","LINE_CREATION_DATE":"2020-10-24 10:43:28.0","INSTALL_IN_BILL_TO_NAME":null,"CONSIGNEE_ADDR4_INFO":null,"B2B_SVC_FLAG":null,"SHIP_TO_ADDRESS1_INFO":"HN","HEADER_REQUEST":"2020-10-25 10:40:05.0","PAYMENT_TERMS_DESC":"Immediate","CONSIGNEE_COUNTRY_NAME":"VN","OTHER_RECEIVING_ISSUE_FLAG":"N","FULFILLED_FLAG":"Y","SALES_CHANNEL_CODE":"002_NON-CHANNEL","FULFILLED_AMOUNT":"3450000.000000","PURCHASE_ORDER_DATE":null,"EXCLUDE_CODE":null,"CONNECT_BILL_TO_NAME":null,"CUST_PO_DATE":"2020-10-24 00:00:00.0","ORDER_TYPE_ID":"124820","SALES_DEPARTMENT_NAME":"HCM SALES E-COMMERCE","SELLER_MOBILE_NO":null,"NSP_PRICE":"0.000000","PRODUCT_LEVEL3_CODE":"TVLE32","TRANSIT_TRADE_CHARGE_AMOUNT":"0.000000","CONSUMER_PURCHASE_DATE":null,"USED_PRODUCT_LINE_CODE":null,"ACTUAL_SHIPMENT_DATE":"2023-08-01 16:56:07.0","SHIP_TO_CUSTOMER_CODE":"VN008500-B2E-S","CUSTOMER_INVOICE_NO":null,"CHANGE_CODE":null,"BILL_TO_ADDRESS4_INFO":null,"FULFILLMENT_DATE":"2020-10-27 16:25:04.0","APPOINTMENT_TO_DATE":"2020-10-28 23:00:00.0","DEF_RTN_TYPE_CODE":null,"BILL_FROM_AFFILIATE_CODE":null,"RETURN_REASON_CODE":null,"INSTALL_CUSTOMER_CODE":null,"NOTA_DATE":null,"CHARGEBACK_NO":null,"CONSIGNEE_STATE_NAME":null,"CUSTOMER_RAD_HEADER":"2020\/10\/25 00:00:00","CONSIGNEE_PHONE_NO":"0826392988","ORDER_STATUS_CODE":"AWAITING_SHIPPING","ORIG_SYS_LINE_REF":"ORDER_17121709","CONSIGNEE_MOBILE_PHONE_NO":"0826392988","CONSIGNEE_PROVINCE_NAME":null,"LINE_SET_ID":null,"INSTALL_REQUEST_DATE":null,"CONSIGNEE_ADDR1_INFO":"6B\/51\/172 duong Nguyen Cong Hoa, quan Le Chan, TP ","ORDER_LINE_ID":"124820","ORDER_ALLOCATION_DATE":null,"BILL_TO_MDMS_CUSTOMER_CODE":"VN008500","MEMBERSHIP_NO":null,"BLNKT_SALES_AGR_LINE_NO":null,"REAL_SITE_NAME":null,"DISCOUNT_RATE":"0.0000","PROMISE_DATE":"2020-10-28 23:00:00.0","SMS_FLAG":null,"EXPECTED_ARRIVAL_DATE":null,"SHIP_TO_ADDRESS4_INFO":null,"UNIT_LIST_PRICE":"3450000.000000","TRANSIT_TRADE_FLAG":null,"BPM_REQUEST_NO":null,"SHIP_TO_CITY_NAME":"HO CHI MINH","ORDER_CONTEXT":"GSALES_OMD_REGULAR","MODEL_CATEGORY":"LCDbasic","LAST_UPDATED_BY":"88862","PAYMENT_TERM_ID":"1273","VERTICAL_ID":null,"SHIPMENT_NO":"1","LATEST_ACCEPTABLE_DATE":null,"RETURN_APPROVAL_DATE":null,"PROJECT_CODE":"VH20C00000000","SALES_CHANNEL_NAME":"Non-channel sale of South Area (group 002)","SHIPPING_HOLD_FLAG":null,"SHIPPABLE_FLAG":"Y","TAX_INCLUDE_AMT":"313636.000000","WAREHOUSE_TYPE_CODE":"S","AFFILIATE_CODE":"EAVH","LINK_TO_LINE_ID":null,"ORDER_SOURCE_DESC":"LG Online Brand Shop (New)","SVC_REFERENCE_LINE_ID":null,"HOME_DELIVERY_CAPACITY_RATE":"0.0000","ORDER_TYPE_CODE":"OMD_REG_H010","LINE_NO":"1","OFFERING_EXPIRE_DATE":null,"PACKING_INSTR":null,"ORDER_SOURCE_NAME":"OMD_LGOBS","CONSIGNEE_NAME":"Tan Hoang Trong","EDI_PARTNER_ID":null,"BIZ_ITEM_TYPE_CODE":"SET","APPOINTMENT_FROM_DATE":"2020-10-28 23:00:00.0","CARRIER_JOB_NO":1,"REAL_PURCHASE_DATE":null,"EXPENSE_DEPARTMENT_CODE":null,"FREIGHT_CHARGE_AMOUNT":"0.000000","PICK_NO":"AYA20102600052","RECEIPT_CUST_PHONE_NO":"0826392988","CURRENCY_CODE":"VND","LINE_CATEGORY_CODE":"ORDER","CHANNEL_CODE":null,"PRODUCT_LEVEL4_CODE":"TVLE32NX","DOMAIN_CODE":"OMD","ORDER_QTY":"1.00","COND_SHP_WITH_INSP_DATE":null,"CONTACT_FAX_NO":null,"AUTO_CHANGE_REASON":null,"CUSTOMER_PO_LINE_NO":null,"ITEM_TYPE":"Q","CANCEL_QTY":"0.00","ORIGINAL_ORDER_LINE_NO":null,"CUST_PO_LINE_ID":null,"LINE_TYPE_NAME":"REGULAR_M_OMD_VH_L","FREE_OF_CHARGE_FLAG":"N","SALES_ORDER_LINE_NO":"1.1","LOGISTICS_INTERFACE_FLAG":"N","CONNECT_BILL_TO_CODE":null,"SOLD_TO_ORG_ID":"13148433","TRANSFER_DATE":"2020-10-27 19:13:52","INSTALL_IN_BILL_TO_CODE":null,"FIXED_ARRIVAL_DATE":null,"CUSTOMER_MODEL_CODE":null,"PICKING_DATE":"2020-10-26 16:56:07.0","EXPENSE_ACCOUNT_CODE":null,"OFFERING_TYPE_NAME":null,"ORDERED_DATE":"2020-10-24 10:42:22.0","CONTACT_BIZ_NO":"...","SVC_REFERENCE_HEADER_ID":null,"MODE_OF_TRANSPORT":"TRUCK","MODE_DESC":"LED LCD TV 32 (HD)","CHANNEL_ORDER_NO":null,"ORG_ID":"2472781","COMM_BIZ_SUBMISSION_NO":null,"SUB_EDI_PARTNER_ID":null,"CUSTOMER_INTERFACE_FLAG":"X","CUSTOMER_RAD_LINE":"2020\/10\/25 00:00:00","QTY_INCLUDE_FLAG":"Y","TRANSIT_TRADE_PO_LINE_ID":null,"DIO_REQUEST_SHIPMENT_DATE":null,"PICK_RELEASE_DATE":"2020-10-26 15:23:02.0","DISCOUNT_SUBMISSION_NO":null,"CANCELLED_FLAG":"N","SALES_PRODUCT_MANAGER_ID":null,"RETURN_REASON_DESC":null,"ORIGINAL_ORDER_NO":null,"PROMISED_MAD":null,"PARENT_CHANNEL_MEANING":"VN SALES CHANNEL","BILL_TO_ADDRESS3_INFO":null,"TOP_MODEL_LINE_ID":null,"ORDER_SOURCE_ID":"1730","PROMISED_ARRIVAL_DATE":null,"DIGITAL_SALES_EXPERT_NAME":null,"COLLECTION_DATE":null,"SALES_MODEL_CODE":"32LM636BPTB.ATV","ITEM_ID":"42765534","TRANSIT_TRADE_TYPE_CODE":null,"BOOKED_FLAG":"Y","REQUEST_ARRIVAL_TO_DATE":null,"FUNCTIONAL_CURRENCY_CODE":"VND","INIT_PROMISED_ARRIVAL_DATE":null,"CUST_PO_NO":"ORDER_18000008719","STORE_CODE":null,"CONVERSION_TYPE_CODE":"2243","BILL_TO_CUSTOMER_CODE":"VN008500001B","MOVE_ORDER_LINE_ID":"210648493","SALES_DEPARTMENT_CODE":"20102","SHIP_TO_COUNTRY_CODE":"VN","TRANSIT_TRADE_IMPORT_AMOUNT":"0.000000","APPROVAL_STATUS_CODE":null,"HQ_CREATION_DATE":"2020-10-27 18:50:01.0","CUSTOMER_GROUP_CODE":null,"SHIP_TO_STATE_NAME":null,"PROMISING_POLICY_CODE":null,"INTERFACE_GROUP_ID":"21223","FLOORING_COMPANY_CODE":null,"BILL_TO_CITY_NAME":null,"ITEM_TYPE_CODE":"STANDARD","OFFERING_NO":null,"ORDERED_ITEM":"32LM636BPTB.ATV","SALESREP_ID":"103986524","INSTALL_EX_BILL_TO_CODE":null,"CONTACT_NAME":null,"SERVICE_CENTER_CODE":null,"ORGANIZATION_CODE":null,"INVOICE_REMARK_DESC":null,"ORDER_LINE_CONTEXT":"GSALES_OMD_REGULAR","PAYMENT_TERM":"N0000FSN1000","BIZ_REGISTER_NO":"...","RESULT_SALESPERSON_ID":"103986524","MDMS_CUSTOMER_CODE":"VN008500","BOOKED_DATE":"2020-10-24 10:43:33.0","ORDER_AMOUNT":"3450000.000000","INTEREST_AMT":"0.000000","REQUEST_ARRIVAL_FROM_DATE":"2020-10-25 10:40:05.0","FINAL_DESTINATION_CODE":null,"ORDER_HEADER_ID":"11010004035","BILL_TO_ADDRESS1_INFO":".","SUBSIDIARY_CODE":"LGEVH","SPLIT_FROM_LINE_ID":null,"DIGITAL_SALES_EXPERT_CODE":null,"CARRIER_CODE":"PANTOS","CONTACT_EMAIL_ADDR":null,"PICKING_QTY":"1.00","PARENT_CHANNEL_CODE":"VN_SALES_CHANNEL","COMMISSION_RATE1":"0.0000","COMMISSION_RATE2":"0.0000","WAREHOUSE_CODE":"AYA","MODEL_CODE":"32LM636BPTB.ATV","SALESREP_NAME":null,"FULFILLED_QTY":"1.00","PICK_RELEASE_QTY":"1.0000","SVC_SERIAL_NO":null,"SHIP_TO_ADDRESS3_INFO":null,"SHIP_TO_COUNTRY_NAME":"Viet Nam","BLNKT_SALES_AGR_NO":null,"BILL_TO_STATE_CODE":null,"PRODUCT_LEVEL1_CODE":"TV","FIRST_REFERENCE_LINE_ID":null,"SHIP_TO_ORG_ID":"4179240","CONSIGNEE_ADDR2_INFO":" Quan Le Chan - Hai Phong","HEADER_LAST_UPDATE_DATE":"2020-10-24 12:43:31.0","PRICE_TERMS_CODE":null,"COMM_BIZ_SUBMISSION_LINE_ID":null,"SHIP_FROM_SITE_ID":null,"HOLD_FLAG":"N","PRODUCT_LEVEL2_CODE":"TVLE","CONTAINER_NO":null,"ALLOCATION_ID":null,"LINE_STATUS_CODE2":"OPEN","USD_PRICE":"0.000000","SALES_ORDER_NO":"1000562577","BEFORE_MONTH_TWA_COST":"0.000000","BILL_TO_ID":"4177922","APPOINTMENT_NAME":null,"CREATED_BY":"-1","STANDARD_PRICE":"6900000.000000","SHIPPING_METHOD_CODE":"000001_PANTOS_T_DOM_SITE","TRANSIT_TRADE_PO_HEADER_ID":null,"OFFERING_TYPE_CODE":null,"HLDS_FLAG":"N","CREATION_DATE":"2020-10-27 16:49:33.0","PRICE_LIST_ID":"97227095","CHANGE_DATE":null,"LINE_LAST_UPDATE_DATE":"2020-10-27 16:29:57.0","ACCOUNTING_UNIT_CODE":"SAL","SALESPERSON_NAME":"HO, THI NGUYEN MINH. THI, HO NGUYEN MINH. HO NGUYEN MINH THI","CUSTOMER_DEBIT_NO":null,"RECEIPT_CUST_NAME":"Tan Hoang Trong","PO_TYPE_CODE":null,"INTERFACE_ID":"124820","INSTALL_TYPE_CODE":null,"CONSIGNEE_COUNTY_NAME":null,"SERVICE_NO":null,"BACK_ORDER_CHANGE_DATE":null,"LINE_TYPE_ID":"29101","OPEN_FLAG":"N","LOT_NO":null,"SHIP_TO_CUSTOMER_NAME":"B2E-Hanoi","LIST_PRICE":"3450000.000000","SHIP_FROM_ORG_ID":"267826","SHIPPED_QTY":"1.00","LINE_CREATED_BY":"404581","ONETIME_CUSTOMER_FLAG":"N","CUSTOMER_INTERFACE_DATE":"2020-10-27 16:49:33.0","MASTER_AMOUNT":"3450000.000000","CONSIGNEE_CITY_NAME":"Hai Phong","LC_NO":null,"PRICE_LIST_NAME":"VH-VND-SHIP-VN008500-B2E-S","CUSTOMER_RAD":"2020-10-25 00:00:00.0","DATA_CREATION_TYPE_CODE":"I","LINK_ORDER_LINE_ID":null,"PARTIAL_FLAG":"Y","ORIGINAL_LINE_ID":null,"LINE_STATUS_CODE":"AWAITING_SHIPPING","BILL_TO_POSTAL_CODE":null,"WEEE_CHARGE_AMOUNT":"0.000000","INCLUDE_TAX_AMOUNT":"3450000.000000","SALESREP_CODE":null,"SCAC_CODE":null,"PTO_TOP_MODEL_CODE":null,"WAREHOUSE_NAME":"VH_Hanoi","BILL_TO_CUSTOMER_NAME":"OBS","OPTION_NO":null,"FOC_TYPE_CODE":null,"CONVERSION_RATE":"0E-8","EXCLUDE_TAX_AMOUNT":"3136364.000000","SUBINVENTORY_CODE":"GOODSET","LAST_UPDATE_LOGIN":"1285828382","CUSTOMER_NAME":"OBS","EXPENSE_ACCOUNTING_UNIT_CODE":null,"APPOINTMENT_NO":null,"CONSIGNEE_ADDR3_INFO":"tan.hoang@lgepartner.com","SHIP_TO_ADDRESS2_INFO":null,"RECEIPT_CUST_CELLULAR_NO":"0826392988","HEADER_CREATION_DATE":"2020-10-24 12:43:26.0","REQUEST_SHIPPING_DATE":"2020-10-28 23:00:00.0","SHIP_FROM_AFFILIATE_CODE":null,"FREIGHT_TERMS_CODE":null,"INSTALL_EX_BILL_TO_NAME":null,"RETURN_LOSS_AMOUNT":"0.000000"}]}}
&amp#27;[92m|------ Auto should see a value that is equal to: <200>&amp#27;[0m
{
    "IFRESULT": "Y",
    "IFFAILMSG": ""
}
{
    "IFRESULT": "Y",
    "IFFAILMSG": ""
}
Sleep 1s
Sleep 2s
Sleep 3s
Sleep 4s
Sleep 5s
Sleep 6s
Sleep 7s
Sleep 8s
Sleep 9s
Sleep 10s
Sleep 11s
Sleep 12s
Sleep 13s
Sleep 14s
Sleep 15s
Sleep 16s
Sleep 17s
Sleep 18s
Sleep 19s
Sleep 20s
Sleep 21s
Sleep 22s
Sleep 23s
Sleep 24s
Sleep 25s
Sleep 26s
Sleep 27s
Sleep 28s
Sleep 29s
Sleep 30s
Sleep 31s
Sleep 32s
Sleep 33s
Sleep 34s
Sleep 35s
Sleep 36s
Sleep 37s
Sleep 38s
Sleep 39s
Sleep 40s
Sleep 41s
Sleep 42s
Sleep 43s
Sleep 44s
Sleep 45s
Sleep 46s
Sleep 47s
Sleep 48s
Sleep 49s
Sleep 50s
Sleep 51s
Sleep 52s
Sleep 53s
Sleep 54s
Sleep 55s
Sleep 56s
Sleep 57s
Sleep 58s
Sleep 59s
Sleep 60s
  &amp#27;[32mAnd &amp#27;[0m&amp#27;[32mChange Order Status to &amp#27;[0m&amp#27;[32m&amp#27;[1m"Preparing for Delivery"&amp#27;[0m&amp#27;[32m By API&amp#27;[0m &amp#27;[90m# stepdefinitions.OderStep.changeOrderStatusByApi(java.lang.String)&amp#27;[0m
&amp#27;[92m|---- And Change Order Status to "Picking for Delivery" By API&amp#27;[0m
{"MessageHeader":{"DocumentType":"CXML_ORDRSP"},"MessageBody":{"ContentList":[{"TRANSIT_TRADE_UNIT_PRICE":"0.000000","NOTA_NO":null,"CARRIER_NAME":"PANTOS","BILL_TO_ADDRESS2_INFO":null,"CONSIGNEE_POSTAL_CODE":"180000","ORDER_CREATED_BY":"404581","SHIPPING_REMARK_INFO":null,"PHONE_NO":null,"SHIP_TO_POSTAL_CODE":"100001","SHIPMENT_PRIORITY_CODE":"Standard","RESIDENCE_TYPE_CODE":null,"TAX_AMOUNT":"313636.000000","SHIP_TO_COUNTY":null,"UNIT_SELLING_PRICE":"3450000.000000","CUSTOMER_CODE":"VN008500001H","SERVICE_CENTER_NAME":null,"PROMISED_SHIP_DATE":null,"BPM_APPROVAL_DATE":null,"ORDER_TYPE_NAME":"REGULAR_OMD_VH","HQ_ACCOUNTING_UNIT_CODE":"GLZ","ORDER_QUANTITY_UOM":"EA","DELIVERY_EXPECTED_YYYYMMDD":"20201027","DELIVERY_CAPACITY_FLAG":null,"SCHEDULE_SHIP_DATE":"2020-10-28 23:00:00.0","SALESPERSON_NO":"VH005735","TRANSPORT_PRO_NO":null,"TRANSFER_FLAG":"E","ZERO_INVO_FLAG":null,"SHIP_TO_STATE_CODE":"HN","RESULT_AFFILIATE_CODE":null,"SALES_DATE":"2020-10-27 16:25:04.0","CONSUMER_SSN":null,"INIT_PROMISED_SHIP_DATE":null,"AUTO_CANCEL_SCHEDULE_DATE":null,"GOODS_INS_SEQ":null,"RETURN_RECEIVING_DATE":"2020-10-26 16:56:07.0","COMPONENT_NO":null,"ORDER_CATEGORY_CODE":"ORDER","EMPLOYEE_NO":"VH005735","REINVOICE_REASON_CODE":null,"RETURN_TYPE_CODE":null,"ORIG_SYS_DOCUMENT_REF":"ORDER_11010004617","LINE_TYPE_CODE":"OMD_REG_L020","DROP_SHIP_FLAG":"N","COND_SHP_WITH_INSP_QTY":"0.00","LINE_CREATION_DATE":"2020-10-24 10:43:28.0","INSTALL_IN_BILL_TO_NAME":null,"CONSIGNEE_ADDR4_INFO":null,"B2B_SVC_FLAG":null,"SHIP_TO_ADDRESS1_INFO":"HN","HEADER_REQUEST":"2020-10-25 10:40:05.0","PAYMENT_TERMS_DESC":"Immediate","CONSIGNEE_COUNTRY_NAME":"VN","OTHER_RECEIVING_ISSUE_FLAG":"N","FULFILLED_FLAG":"Y","SALES_CHANNEL_CODE":"002_NON-CHANNEL","FULFILLED_AMOUNT":"3450000.000000","PURCHASE_ORDER_DATE":null,"EXCLUDE_CODE":null,"CONNECT_BILL_TO_NAME":null,"CUST_PO_DATE":"2020-10-24 00:00:00.0","ORDER_TYPE_ID":"124820","SALES_DEPARTMENT_NAME":"HCM SALES E-COMMERCE","SELLER_MOBILE_NO":null,"NSP_PRICE":"0.000000","PRODUCT_LEVEL3_CODE":"TVLE32","TRANSIT_TRADE_CHARGE_AMOUNT":"0.000000","CONSUMER_PURCHASE_DATE":null,"USED_PRODUCT_LINE_CODE":null,"ACTUAL_SHIPMENT_DATE":"2023-08-01 16:56:07.0","SHIP_TO_CUSTOMER_CODE":"VN008500-B2E-S","CUSTOMER_INVOICE_NO":null,"CHANGE_CODE":null,"BILL_TO_ADDRESS4_INFO":null,"FULFILLMENT_DATE":"2020-10-27 16:25:04.0","APPOINTMENT_TO_DATE":"2020-10-28 23:00:00.0","DEF_RTN_TYPE_CODE":null,"BILL_FROM_AFFILIATE_CODE":null,"RETURN_REASON_CODE":null,"INSTALL_CUSTOMER_CODE":null,"NOTA_DATE":null,"CHARGEBACK_NO":null,"CONSIGNEE_STATE_NAME":null,"CUSTOMER_RAD_HEADER":"2020\/10\/25 00:00:00","CONSIGNEE_PHONE_NO":"0826392988","ORDER_STATUS_CODE":"AWAITING_SHIPPING","ORIG_SYS_LINE_REF":"ORDER_17121709","CONSIGNEE_MOBILE_PHONE_NO":"0826392988","CONSIGNEE_PROVINCE_NAME":null,"LINE_SET_ID":null,"INSTALL_REQUEST_DATE":null,"CONSIGNEE_ADDR1_INFO":"6B\/51\/172 duong Nguyen Cong Hoa, quan Le Chan, TP ","ORDER_LINE_ID":"124820","ORDER_ALLOCATION_DATE":null,"BILL_TO_MDMS_CUSTOMER_CODE":"VN008500","MEMBERSHIP_NO":null,"BLNKT_SALES_AGR_LINE_NO":null,"REAL_SITE_NAME":null,"DISCOUNT_RATE":"0.0000","PROMISE_DATE":"2020-10-28 23:00:00.0","SMS_FLAG":null,"EXPECTED_ARRIVAL_DATE":null,"SHIP_TO_ADDRESS4_INFO":null,"UNIT_LIST_PRICE":"3450000.000000","TRANSIT_TRADE_FLAG":null,"BPM_REQUEST_NO":null,"SHIP_TO_CITY_NAME":"HO CHI MINH","ORDER_CONTEXT":"GSALES_OMD_REGULAR","MODEL_CATEGORY":"LCDbasic","LAST_UPDATED_BY":"88862","PAYMENT_TERM_ID":"1273","VERTICAL_ID":null,"SHIPMENT_NO":"1","LATEST_ACCEPTABLE_DATE":null,"RETURN_APPROVAL_DATE":null,"PROJECT_CODE":"VH20C00000000","SALES_CHANNEL_NAME":"Non-channel sale of South Area (group 002)","SHIPPING_HOLD_FLAG":null,"SHIPPABLE_FLAG":"Y","TAX_INCLUDE_AMT":"313636.000000","WAREHOUSE_TYPE_CODE":"S","AFFILIATE_CODE":"EAVH","LINK_TO_LINE_ID":null,"ORDER_SOURCE_DESC":"LG Online Brand Shop (New)","SVC_REFERENCE_LINE_ID":null,"HOME_DELIVERY_CAPACITY_RATE":"0.0000","ORDER_TYPE_CODE":"OMD_REG_H010","LINE_NO":"1","OFFERING_EXPIRE_DATE":null,"PACKING_INSTR":null,"ORDER_SOURCE_NAME":"OMD_LGOBS","CONSIGNEE_NAME":"Tan Hoang Trong","EDI_PARTNER_ID":null,"BIZ_ITEM_TYPE_CODE":"SET","APPOINTMENT_FROM_DATE":"2020-10-28 23:00:00.0","CARRIER_JOB_NO":1,"REAL_PURCHASE_DATE":null,"EXPENSE_DEPARTMENT_CODE":null,"FREIGHT_CHARGE_AMOUNT":"0.000000","PICK_NO":"AYA20102600052","RECEIPT_CUST_PHONE_NO":"0826392988","CURRENCY_CODE":"VND","LINE_CATEGORY_CODE":"ORDER","CHANNEL_CODE":null,"PRODUCT_LEVEL4_CODE":"TVLE32NX","DOMAIN_CODE":"OMD","ORDER_QTY":"1.00","COND_SHP_WITH_INSP_DATE":null,"CONTACT_FAX_NO":null,"AUTO_CHANGE_REASON":null,"CUSTOMER_PO_LINE_NO":null,"ITEM_TYPE":"Q","CANCEL_QTY":"0.00","ORIGINAL_ORDER_LINE_NO":null,"CUST_PO_LINE_ID":null,"LINE_TYPE_NAME":"REGULAR_M_OMD_VH_L","FREE_OF_CHARGE_FLAG":"N","SALES_ORDER_LINE_NO":"1.1","LOGISTICS_INTERFACE_FLAG":"N","CONNECT_BILL_TO_CODE":null,"SOLD_TO_ORG_ID":"13148433","TRANSFER_DATE":"2020-10-27 19:13:52","INSTALL_IN_BILL_TO_CODE":null,"FIXED_ARRIVAL_DATE":null,"CUSTOMER_MODEL_CODE":null,"PICKING_DATE":"2020-10-26 16:56:07.0","EXPENSE_ACCOUNT_CODE":null,"OFFERING_TYPE_NAME":null,"ORDERED_DATE":"2020-10-24 10:42:22.0","CONTACT_BIZ_NO":"...","SVC_REFERENCE_HEADER_ID":null,"MODE_OF_TRANSPORT":"TRUCK","MODE_DESC":"LED LCD TV 32 (HD)","CHANNEL_ORDER_NO":null,"ORG_ID":"2472781","COMM_BIZ_SUBMISSION_NO":null,"SUB_EDI_PARTNER_ID":null,"CUSTOMER_INTERFACE_FLAG":"X","CUSTOMER_RAD_LINE":"2020\/10\/25 00:00:00","QTY_INCLUDE_FLAG":"Y","TRANSIT_TRADE_PO_LINE_ID":null,"DIO_REQUEST_SHIPMENT_DATE":null,"PICK_RELEASE_DATE":"2020-10-26 15:23:02.0","DISCOUNT_SUBMISSION_NO":null,"CANCELLED_FLAG":"N","SALES_PRODUCT_MANAGER_ID":null,"RETURN_REASON_DESC":null,"ORIGINAL_ORDER_NO":null,"PROMISED_MAD":null,"PARENT_CHANNEL_MEANING":"VN SALES CHANNEL","BILL_TO_ADDRESS3_INFO":null,"TOP_MODEL_LINE_ID":null,"ORDER_SOURCE_ID":"1730","PROMISED_ARRIVAL_DATE":null,"DIGITAL_SALES_EXPERT_NAME":null,"COLLECTION_DATE":null,"SALES_MODEL_CODE":"32LM636BPTB.ATV","ITEM_ID":"42765534","TRANSIT_TRADE_TYPE_CODE":null,"BOOKED_FLAG":"Y","REQUEST_ARRIVAL_TO_DATE":null,"FUNCTIONAL_CURRENCY_CODE":"VND","INIT_PROMISED_ARRIVAL_DATE":null,"CUST_PO_NO":"ORDER_18000008719","STORE_CODE":null,"CONVERSION_TYPE_CODE":"2243","BILL_TO_CUSTOMER_CODE":"VN008500001B","MOVE_ORDER_LINE_ID":"210648493","SALES_DEPARTMENT_CODE":"20102","SHIP_TO_COUNTRY_CODE":"VN","TRANSIT_TRADE_IMPORT_AMOUNT":"0.000000","APPROVAL_STATUS_CODE":null,"HQ_CREATION_DATE":"2020-10-27 18:50:01.0","CUSTOMER_GROUP_CODE":null,"SHIP_TO_STATE_NAME":null,"PROMISING_POLICY_CODE":null,"INTERFACE_GROUP_ID":"21223","FLOORING_COMPANY_CODE":null,"BILL_TO_CITY_NAME":null,"ITEM_TYPE_CODE":"STANDARD","OFFERING_NO":null,"ORDERED_ITEM":"32LM636BPTB.ATV","SALESREP_ID":"103986524","INSTALL_EX_BILL_TO_CODE":null,"CONTACT_NAME":null,"SERVICE_CENTER_CODE":null,"ORGANIZATION_CODE":null,"INVOICE_REMARK_DESC":null,"ORDER_LINE_CONTEXT":"GSALES_OMD_REGULAR","PAYMENT_TERM":"N0000FSN1000","BIZ_REGISTER_NO":"...","RESULT_SALESPERSON_ID":"103986524","MDMS_CUSTOMER_CODE":"VN008500","BOOKED_DATE":"2020-10-24 10:43:33.0","ORDER_AMOUNT":"3450000.000000","INTEREST_AMT":"0.000000","REQUEST_ARRIVAL_FROM_DATE":"2020-10-25 10:40:05.0","FINAL_DESTINATION_CODE":null,"ORDER_HEADER_ID":"11010004035","BILL_TO_ADDRESS1_INFO":".","SUBSIDIARY_CODE":"LGEVH","SPLIT_FROM_LINE_ID":null,"DIGITAL_SALES_EXPERT_CODE":null,"CARRIER_CODE":"PANTOS","CONTACT_EMAIL_ADDR":null,"PICKING_QTY":"1.00","PARENT_CHANNEL_CODE":"VN_SALES_CHANNEL","COMMISSION_RATE1":"0.0000","COMMISSION_RATE2":"0.0000","WAREHOUSE_CODE":"AYA","MODEL_CODE":"32LM636BPTB.ATV","SALESREP_NAME":null,"FULFILLED_QTY":"1.00","PICK_RELEASE_QTY":"1.0000","SVC_SERIAL_NO":null,"SHIP_TO_ADDRESS3_INFO":null,"SHIP_TO_COUNTRY_NAME":"Viet Nam","BLNKT_SALES_AGR_NO":null,"BILL_TO_STATE_CODE":null,"PRODUCT_LEVEL1_CODE":"TV","FIRST_REFERENCE_LINE_ID":null,"SHIP_TO_ORG_ID":"4179240","CONSIGNEE_ADDR2_INFO":" Quan Le Chan - Hai Phong","HEADER_LAST_UPDATE_DATE":"2020-10-24 12:43:31.0","PRICE_TERMS_CODE":null,"COMM_BIZ_SUBMISSION_LINE_ID":null,"SHIP_FROM_SITE_ID":null,"HOLD_FLAG":"N","PRODUCT_LEVEL2_CODE":"TVLE","CONTAINER_NO":null,"ALLOCATION_ID":null,"LINE_STATUS_CODE2":"PICK","USD_PRICE":"0.000000","SALES_ORDER_NO":"1000562577","BEFORE_MONTH_TWA_COST":"0.000000","BILL_TO_ID":"4177922","APPOINTMENT_NAME":null,"CREATED_BY":"-1","STANDARD_PRICE":"6900000.000000","SHIPPING_METHOD_CODE":"000001_PANTOS_T_DOM_SITE","TRANSIT_TRADE_PO_HEADER_ID":null,"OFFERING_TYPE_CODE":null,"HLDS_FLAG":"N","CREATION_DATE":"2020-10-27 16:49:33.0","PRICE_LIST_ID":"97227095","CHANGE_DATE":null,"LINE_LAST_UPDATE_DATE":"2020-10-27 16:29:57.0","ACCOUNTING_UNIT_CODE":"SAL","SALESPERSON_NAME":"HO, THI NGUYEN MINH. THI, HO NGUYEN MINH. HO NGUYEN MINH THI","CUSTOMER_DEBIT_NO":null,"RECEIPT_CUST_NAME":"Tan Hoang Trong","PO_TYPE_CODE":null,"INTERFACE_ID":"124820","INSTALL_TYPE_CODE":null,"CONSIGNEE_COUNTY_NAME":null,"SERVICE_NO":null,"BACK_ORDER_CHANGE_DATE":null,"LINE_TYPE_ID":"29101","OPEN_FLAG":"N","LOT_NO":null,"SHIP_TO_CUSTOMER_NAME":"B2E-Hanoi","LIST_PRICE":"3450000.000000","SHIP_FROM_ORG_ID":"267826","SHIPPED_QTY":"1.00","LINE_CREATED_BY":"404581","ONETIME_CUSTOMER_FLAG":"N","CUSTOMER_INTERFACE_DATE":"2020-10-27 16:49:33.0","MASTER_AMOUNT":"3450000.000000","CONSIGNEE_CITY_NAME":"Hai Phong","LC_NO":null,"PRICE_LIST_NAME":"VH-VND-SHIP-VN008500-B2E-S","CUSTOMER_RAD":"2020-10-25 00:00:00.0","DATA_CREATION_TYPE_CODE":"I","LINK_ORDER_LINE_ID":null,"PARTIAL_FLAG":"Y","ORIGINAL_LINE_ID":null,"LINE_STATUS_CODE":"AWAITING_SHIPPING","BILL_TO_POSTAL_CODE":null,"WEEE_CHARGE_AMOUNT":"0.000000","INCLUDE_TAX_AMOUNT":"3450000.000000","SALESREP_CODE":null,"SCAC_CODE":null,"PTO_TOP_MODEL_CODE":null,"WAREHOUSE_NAME":"VH_Hanoi","BILL_TO_CUSTOMER_NAME":"OBS","OPTION_NO":null,"FOC_TYPE_CODE":null,"CONVERSION_RATE":"0E-8","EXCLUDE_TAX_AMOUNT":"3136364.000000","SUBINVENTORY_CODE":"GOODSET","LAST_UPDATE_LOGIN":"1285828382","CUSTOMER_NAME":"OBS","EXPENSE_ACCOUNTING_UNIT_CODE":null,"APPOINTMENT_NO":null,"CONSIGNEE_ADDR3_INFO":"tan.hoang@lgepartner.com","SHIP_TO_ADDRESS2_INFO":null,"RECEIPT_CUST_CELLULAR_NO":"0826392988","HEADER_CREATION_DATE":"2020-10-24 12:43:26.0","REQUEST_SHIPPING_DATE":"2020-10-28 23:00:00.0","SHIP_FROM_AFFILIATE_CODE":null,"FREIGHT_TERMS_CODE":null,"INSTALL_EX_BILL_TO_NAME":null,"RETURN_LOSS_AMOUNT":"0.000000"}]}}
&amp#27;[92m|------ Auto should see a value that is equal to: <200>&amp#27;[0m
{
    "IFRESULT": "Y",
    "IFFAILMSG": ""
}
{
    "IFRESULT": "Y",
    "IFFAILMSG": ""
}
Sleep 1s
Sleep 2s
Sleep 3s
Sleep 4s
Sleep 5s
Sleep 6s
Sleep 7s
Sleep 8s
Sleep 9s
Sleep 10s
Sleep 11s
Sleep 12s
Sleep 13s
Sleep 14s
Sleep 15s
Sleep 16s
Sleep 17s
Sleep 18s
Sleep 19s
Sleep 20s
Sleep 21s
Sleep 22s
Sleep 23s
Sleep 24s
Sleep 25s
Sleep 26s
Sleep 27s
Sleep 28s
Sleep 29s
Sleep 30s
Sleep 31s
Sleep 32s
Sleep 33s
Sleep 34s
Sleep 35s
Sleep 36s
Sleep 37s
Sleep 38s
Sleep 39s
Sleep 40s
Sleep 41s
Sleep 42s
Sleep 43s
Sleep 44s
Sleep 45s
Sleep 46s
Sleep 47s
Sleep 48s
Sleep 49s
Sleep 50s
Sleep 51s
Sleep 52s
Sleep 53s
Sleep 54s
Sleep 55s
Sleep 56s
Sleep 57s
Sleep 58s
Sleep 59s
Sleep 60s
  &amp#27;[32mAnd &amp#27;[0m&amp#27;[32mChange Order Status to &amp#27;[0m&amp#27;[32m&amp#27;[1m"Picking for Delivery"&amp#27;[0m&amp#27;[32m By API&amp#27;[0m   &amp#27;[90m# stepdefinitions.OderStep.changeOrderStatusByApi(java.lang.String)&amp#27;[0m
&amp#27;[92m|---- And Change Order Status to "On Delivery" By API&amp#27;[0m
{"MessageHeader":{"DocumentType":"CXML_ORDRSP"},"MessageBody":{"ContentList":[{"TRANSIT_TRADE_UNIT_PRICE":"0.000000","NOTA_NO":null,"CARRIER_NAME":"PANTOS","BILL_TO_ADDRESS2_INFO":null,"CONSIGNEE_POSTAL_CODE":"180000","ORDER_CREATED_BY":"404581","SHIPPING_REMARK_INFO":null,"PHONE_NO":null,"SHIP_TO_POSTAL_CODE":"100001","SHIPMENT_PRIORITY_CODE":"Standard","RESIDENCE_TYPE_CODE":null,"TAX_AMOUNT":"313636.000000","SHIP_TO_COUNTY":null,"UNIT_SELLING_PRICE":"3450000.000000","CUSTOMER_CODE":"VN008500001H","SERVICE_CENTER_NAME":null,"PROMISED_SHIP_DATE":null,"BPM_APPROVAL_DATE":null,"ORDER_TYPE_NAME":"REGULAR_OMD_VH","HQ_ACCOUNTING_UNIT_CODE":"GLZ","ORDER_QUANTITY_UOM":"EA","DELIVERY_EXPECTED_YYYYMMDD":"20201027","DELIVERY_CAPACITY_FLAG":null,"SCHEDULE_SHIP_DATE":"2020-10-28 23:00:00.0","SALESPERSON_NO":"VH005735","TRANSPORT_PRO_NO":null,"TRANSFER_FLAG":"E","ZERO_INVO_FLAG":null,"SHIP_TO_STATE_CODE":"HN","RESULT_AFFILIATE_CODE":null,"SALES_DATE":"2020-10-27 16:25:04.0","CONSUMER_SSN":null,"INIT_PROMISED_SHIP_DATE":null,"AUTO_CANCEL_SCHEDULE_DATE":null,"GOODS_INS_SEQ":null,"RETURN_RECEIVING_DATE":"2020-10-26 16:56:07.0","COMPONENT_NO":null,"ORDER_CATEGORY_CODE":"ORDER","EMPLOYEE_NO":"VH005735","REINVOICE_REASON_CODE":null,"RETURN_TYPE_CODE":null,"ORIG_SYS_DOCUMENT_REF":"ORDER_11010004617","LINE_TYPE_CODE":"OMD_REG_L020","DROP_SHIP_FLAG":"N","COND_SHP_WITH_INSP_QTY":"0.00","LINE_CREATION_DATE":"2020-10-24 10:43:28.0","INSTALL_IN_BILL_TO_NAME":null,"CONSIGNEE_ADDR4_INFO":null,"B2B_SVC_FLAG":null,"SHIP_TO_ADDRESS1_INFO":"HN","HEADER_REQUEST":"2020-10-25 10:40:05.0","PAYMENT_TERMS_DESC":"Immediate","CONSIGNEE_COUNTRY_NAME":"VN","OTHER_RECEIVING_ISSUE_FLAG":"N","FULFILLED_FLAG":"Y","SALES_CHANNEL_CODE":"002_NON-CHANNEL","FULFILLED_AMOUNT":"3450000.000000","PURCHASE_ORDER_DATE":null,"EXCLUDE_CODE":null,"CONNECT_BILL_TO_NAME":null,"CUST_PO_DATE":"2020-10-24 00:00:00.0","ORDER_TYPE_ID":"124820","SALES_DEPARTMENT_NAME":"HCM SALES E-COMMERCE","SELLER_MOBILE_NO":null,"NSP_PRICE":"0.000000","PRODUCT_LEVEL3_CODE":"TVLE32","TRANSIT_TRADE_CHARGE_AMOUNT":"0.000000","CONSUMER_PURCHASE_DATE":null,"USED_PRODUCT_LINE_CODE":null,"ACTUAL_SHIPMENT_DATE":"2023-08-01 16:56:07.0","SHIP_TO_CUSTOMER_CODE":"VN008500-B2E-S","CUSTOMER_INVOICE_NO":null,"CHANGE_CODE":null,"BILL_TO_ADDRESS4_INFO":null,"FULFILLMENT_DATE":"2020-10-27 16:25:04.0","APPOINTMENT_TO_DATE":"2020-10-28 23:00:00.0","DEF_RTN_TYPE_CODE":null,"BILL_FROM_AFFILIATE_CODE":null,"RETURN_REASON_CODE":null,"INSTALL_CUSTOMER_CODE":null,"NOTA_DATE":null,"CHARGEBACK_NO":null,"CONSIGNEE_STATE_NAME":null,"CUSTOMER_RAD_HEADER":"2020\/10\/25 00:00:00","CONSIGNEE_PHONE_NO":"0826392988","ORDER_STATUS_CODE":"AWAITING_SHIPPING","ORIG_SYS_LINE_REF":"ORDER_17121709","CONSIGNEE_MOBILE_PHONE_NO":"0826392988","CONSIGNEE_PROVINCE_NAME":null,"LINE_SET_ID":null,"INSTALL_REQUEST_DATE":null,"CONSIGNEE_ADDR1_INFO":"6B\/51\/172 duong Nguyen Cong Hoa, quan Le Chan, TP ","ORDER_LINE_ID":"124820","ORDER_ALLOCATION_DATE":null,"BILL_TO_MDMS_CUSTOMER_CODE":"VN008500","MEMBERSHIP_NO":null,"BLNKT_SALES_AGR_LINE_NO":null,"REAL_SITE_NAME":null,"DISCOUNT_RATE":"0.0000","PROMISE_DATE":"2020-10-28 23:00:00.0","SMS_FLAG":null,"EXPECTED_ARRIVAL_DATE":null,"SHIP_TO_ADDRESS4_INFO":null,"UNIT_LIST_PRICE":"3450000.000000","TRANSIT_TRADE_FLAG":null,"BPM_REQUEST_NO":null,"SHIP_TO_CITY_NAME":"HO CHI MINH","ORDER_CONTEXT":"GSALES_OMD_REGULAR","MODEL_CATEGORY":"LCDbasic","LAST_UPDATED_BY":"88862","PAYMENT_TERM_ID":"1273","VERTICAL_ID":null,"SHIPMENT_NO":"1","LATEST_ACCEPTABLE_DATE":null,"RETURN_APPROVAL_DATE":null,"PROJECT_CODE":"VH20C00000000","SALES_CHANNEL_NAME":"Non-channel sale of South Area (group 002)","SHIPPING_HOLD_FLAG":null,"SHIPPABLE_FLAG":"Y","TAX_INCLUDE_AMT":"313636.000000","WAREHOUSE_TYPE_CODE":"S","AFFILIATE_CODE":"EAVH","LINK_TO_LINE_ID":null,"ORDER_SOURCE_DESC":"LG Online Brand Shop (New)","SVC_REFERENCE_LINE_ID":null,"HOME_DELIVERY_CAPACITY_RATE":"0.0000","ORDER_TYPE_CODE":"OMD_REG_H010","LINE_NO":"1","OFFERING_EXPIRE_DATE":null,"PACKING_INSTR":null,"ORDER_SOURCE_NAME":"OMD_LGOBS","CONSIGNEE_NAME":"Tan Hoang Trong","EDI_PARTNER_ID":null,"BIZ_ITEM_TYPE_CODE":"SET","APPOINTMENT_FROM_DATE":"2020-10-28 23:00:00.0","CARRIER_JOB_NO":1,"REAL_PURCHASE_DATE":null,"EXPENSE_DEPARTMENT_CODE":null,"FREIGHT_CHARGE_AMOUNT":"0.000000","PICK_NO":"AYA20102600052","RECEIPT_CUST_PHONE_NO":"0826392988","CURRENCY_CODE":"VND","LINE_CATEGORY_CODE":"ORDER","CHANNEL_CODE":null,"PRODUCT_LEVEL4_CODE":"TVLE32NX","DOMAIN_CODE":"OMD","ORDER_QTY":"1.00","COND_SHP_WITH_INSP_DATE":null,"CONTACT_FAX_NO":null,"AUTO_CHANGE_REASON":null,"CUSTOMER_PO_LINE_NO":null,"ITEM_TYPE":"Q","CANCEL_QTY":"0.00","ORIGINAL_ORDER_LINE_NO":null,"CUST_PO_LINE_ID":null,"LINE_TYPE_NAME":"REGULAR_M_OMD_VH_L","FREE_OF_CHARGE_FLAG":"N","SALES_ORDER_LINE_NO":"1.1","LOGISTICS_INTERFACE_FLAG":"N","CONNECT_BILL_TO_CODE":null,"SOLD_TO_ORG_ID":"13148433","TRANSFER_DATE":"2020-10-27 19:13:52","INSTALL_IN_BILL_TO_CODE":null,"FIXED_ARRIVAL_DATE":null,"CUSTOMER_MODEL_CODE":null,"PICKING_DATE":"2020-10-26 16:56:07.0","EXPENSE_ACCOUNT_CODE":null,"OFFERING_TYPE_NAME":null,"ORDERED_DATE":"2020-10-24 10:42:22.0","CONTACT_BIZ_NO":"...","SVC_REFERENCE_HEADER_ID":null,"MODE_OF_TRANSPORT":"TRUCK","MODE_DESC":"LED LCD TV 32 (HD)","CHANNEL_ORDER_NO":null,"ORG_ID":"2472781","COMM_BIZ_SUBMISSION_NO":null,"SUB_EDI_PARTNER_ID":null,"CUSTOMER_INTERFACE_FLAG":"X","CUSTOMER_RAD_LINE":"2020\/10\/25 00:00:00","QTY_INCLUDE_FLAG":"Y","TRANSIT_TRADE_PO_LINE_ID":null,"DIO_REQUEST_SHIPMENT_DATE":null,"PICK_RELEASE_DATE":"2020-10-26 15:23:02.0","DISCOUNT_SUBMISSION_NO":null,"CANCELLED_FLAG":"N","SALES_PRODUCT_MANAGER_ID":null,"RETURN_REASON_DESC":null,"ORIGINAL_ORDER_NO":null,"PROMISED_MAD":null,"PARENT_CHANNEL_MEANING":"VN SALES CHANNEL","BILL_TO_ADDRESS3_INFO":null,"TOP_MODEL_LINE_ID":null,"ORDER_SOURCE_ID":"1730","PROMISED_ARRIVAL_DATE":null,"DIGITAL_SALES_EXPERT_NAME":null,"COLLECTION_DATE":null,"SALES_MODEL_CODE":"32LM636BPTB.ATV","ITEM_ID":"42765534","TRANSIT_TRADE_TYPE_CODE":null,"BOOKED_FLAG":"Y","REQUEST_ARRIVAL_TO_DATE":null,"FUNCTIONAL_CURRENCY_CODE":"VND","INIT_PROMISED_ARRIVAL_DATE":null,"CUST_PO_NO":"ORDER_18000008719","STORE_CODE":null,"CONVERSION_TYPE_CODE":"2243","BILL_TO_CUSTOMER_CODE":"VN008500001B","MOVE_ORDER_LINE_ID":"210648493","SALES_DEPARTMENT_CODE":"20102","SHIP_TO_COUNTRY_CODE":"VN","TRANSIT_TRADE_IMPORT_AMOUNT":"0.000000","APPROVAL_STATUS_CODE":null,"HQ_CREATION_DATE":"2020-10-27 18:50:01.0","CUSTOMER_GROUP_CODE":null,"SHIP_TO_STATE_NAME":null,"PROMISING_POLICY_CODE":null,"INTERFACE_GROUP_ID":"21223","FLOORING_COMPANY_CODE":null,"BILL_TO_CITY_NAME":null,"ITEM_TYPE_CODE":"STANDARD","OFFERING_NO":null,"ORDERED_ITEM":"32LM636BPTB.ATV","SALESREP_ID":"103986524","INSTALL_EX_BILL_TO_CODE":null,"CONTACT_NAME":null,"SERVICE_CENTER_CODE":null,"ORGANIZATION_CODE":null,"INVOICE_REMARK_DESC":null,"ORDER_LINE_CONTEXT":"GSALES_OMD_REGULAR","PAYMENT_TERM":"N0000FSN1000","BIZ_REGISTER_NO":"...","RESULT_SALESPERSON_ID":"103986524","MDMS_CUSTOMER_CODE":"VN008500","BOOKED_DATE":"2020-10-24 10:43:33.0","ORDER_AMOUNT":"3450000.000000","INTEREST_AMT":"0.000000","REQUEST_ARRIVAL_FROM_DATE":"2020-10-25 10:40:05.0","FINAL_DESTINATION_CODE":null,"ORDER_HEADER_ID":"11010004035","BILL_TO_ADDRESS1_INFO":".","SUBSIDIARY_CODE":"LGEVH","SPLIT_FROM_LINE_ID":null,"DIGITAL_SALES_EXPERT_CODE":null,"CARRIER_CODE":"PANTOS","CONTACT_EMAIL_ADDR":null,"PICKING_QTY":"1.00","PARENT_CHANNEL_CODE":"VN_SALES_CHANNEL","COMMISSION_RATE1":"0.0000","COMMISSION_RATE2":"0.0000","WAREHOUSE_CODE":"AYA","MODEL_CODE":"32LM636BPTB.ATV","SALESREP_NAME":null,"FULFILLED_QTY":"1.00","PICK_RELEASE_QTY":"1.0000","SVC_SERIAL_NO":null,"SHIP_TO_ADDRESS3_INFO":null,"SHIP_TO_COUNTRY_NAME":"Viet Nam","BLNKT_SALES_AGR_NO":null,"BILL_TO_STATE_CODE":null,"PRODUCT_LEVEL1_CODE":"TV","FIRST_REFERENCE_LINE_ID":null,"SHIP_TO_ORG_ID":"4179240","CONSIGNEE_ADDR2_INFO":" Quan Le Chan - Hai Phong","HEADER_LAST_UPDATE_DATE":"2020-10-24 12:43:31.0","PRICE_TERMS_CODE":null,"COMM_BIZ_SUBMISSION_LINE_ID":null,"SHIP_FROM_SITE_ID":null,"HOLD_FLAG":"N","PRODUCT_LEVEL2_CODE":"TVLE","CONTAINER_NO":null,"ALLOCATION_ID":null,"LINE_STATUS_CODE2":"DELY","USD_PRICE":"0.000000","SALES_ORDER_NO":"1000562577","BEFORE_MONTH_TWA_COST":"0.000000","BILL_TO_ID":"4177922","APPOINTMENT_NAME":null,"CREATED_BY":"-1","STANDARD_PRICE":"6900000.000000","SHIPPING_METHOD_CODE":"000001_PANTOS_T_DOM_SITE","TRANSIT_TRADE_PO_HEADER_ID":null,"OFFERING_TYPE_CODE":null,"HLDS_FLAG":"N","CREATION_DATE":"2020-10-27 16:49:33.0","PRICE_LIST_ID":"97227095","CHANGE_DATE":null,"LINE_LAST_UPDATE_DATE":"2020-10-27 16:29:57.0","ACCOUNTING_UNIT_CODE":"SAL","SALESPERSON_NAME":"HO, THI NGUYEN MINH. THI, HO NGUYEN MINH. HO NGUYEN MINH THI","CUSTOMER_DEBIT_NO":null,"RECEIPT_CUST_NAME":"Tan Hoang Trong","PO_TYPE_CODE":null,"INTERFACE_ID":"124820","INSTALL_TYPE_CODE":null,"CONSIGNEE_COUNTY_NAME":null,"SERVICE_NO":null,"BACK_ORDER_CHANGE_DATE":null,"LINE_TYPE_ID":"29101","OPEN_FLAG":"N","LOT_NO":null,"SHIP_TO_CUSTOMER_NAME":"B2E-Hanoi","LIST_PRICE":"3450000.000000","SHIP_FROM_ORG_ID":"267826","SHIPPED_QTY":"1.00","LINE_CREATED_BY":"404581","ONETIME_CUSTOMER_FLAG":"N","CUSTOMER_INTERFACE_DATE":"2020-10-27 16:49:33.0","MASTER_AMOUNT":"3450000.000000","CONSIGNEE_CITY_NAME":"Hai Phong","LC_NO":null,"PRICE_LIST_NAME":"VH-VND-SHIP-VN008500-B2E-S","CUSTOMER_RAD":"2020-10-25 00:00:00.0","DATA_CREATION_TYPE_CODE":"I","LINK_ORDER_LINE_ID":null,"PARTIAL_FLAG":"Y","ORIGINAL_LINE_ID":null,"LINE_STATUS_CODE":"PRE-BILLING_ACCEPTANCE","BILL_TO_POSTAL_CODE":null,"WEEE_CHARGE_AMOUNT":"0.000000","INCLUDE_TAX_AMOUNT":"3450000.000000","SALESREP_CODE":null,"SCAC_CODE":null,"PTO_TOP_MODEL_CODE":null,"WAREHOUSE_NAME":"VH_Hanoi","BILL_TO_CUSTOMER_NAME":"OBS","OPTION_NO":null,"FOC_TYPE_CODE":null,"CONVERSION_RATE":"0E-8","EXCLUDE_TAX_AMOUNT":"3136364.000000","SUBINVENTORY_CODE":"GOODSET","LAST_UPDATE_LOGIN":"1285828382","CUSTOMER_NAME":"OBS","EXPENSE_ACCOUNTING_UNIT_CODE":null,"APPOINTMENT_NO":null,"CONSIGNEE_ADDR3_INFO":"tan.hoang@lgepartner.com","SHIP_TO_ADDRESS2_INFO":null,"RECEIPT_CUST_CELLULAR_NO":"0826392988","HEADER_CREATION_DATE":"2020-10-24 12:43:26.0","REQUEST_SHIPPING_DATE":"2020-10-28 23:00:00.0","SHIP_FROM_AFFILIATE_CODE":null,"FREIGHT_TERMS_CODE":null,"INSTALL_EX_BILL_TO_NAME":null,"RETURN_LOSS_AMOUNT":"0.000000"}]}}
&amp#27;[92m|------ Auto should see a value that is equal to: <200>&amp#27;[0m
{
    "IFRESULT": "Y",
    "IFFAILMSG": ""
}
{
    "IFRESULT": "Y",
    "IFFAILMSG": ""
}
Sleep 1s
Sleep 2s
Sleep 3s
Sleep 4s
Sleep 5s
Sleep 6s
Sleep 7s
Sleep 8s
Sleep 9s
Sleep 10s
Sleep 11s
Sleep 12s
Sleep 13s
Sleep 14s
Sleep 15s
Sleep 16s
Sleep 17s
Sleep 18s
Sleep 19s
Sleep 20s
Sleep 21s
Sleep 22s
Sleep 23s
Sleep 24s
Sleep 25s
Sleep 26s
Sleep 27s
Sleep 28s
Sleep 29s
Sleep 30s
Sleep 31s
Sleep 32s
Sleep 33s
Sleep 34s
Sleep 35s
Sleep 36s
Sleep 37s
Sleep 38s
Sleep 39s
Sleep 40s
Sleep 41s
Sleep 42s
Sleep 43s
Sleep 44s
Sleep 45s
Sleep 46s
Sleep 47s
Sleep 48s
Sleep 49s
Sleep 50s
Sleep 51s
Sleep 52s
Sleep 53s
Sleep 54s
Sleep 55s
Sleep 56s
Sleep 57s
Sleep 58s
Sleep 59s
Sleep 60s
  &amp#27;[32mAnd &amp#27;[0m&amp#27;[32mChange Order Status to &amp#27;[0m&amp#27;[32m&amp#27;[1m"On Delivery"&amp#27;[0m&amp#27;[32m By API&amp#27;[0m            &amp#27;[90m# stepdefinitions.OderStep.changeOrderStatusByApi(java.lang.String)&amp#27;[0m
&amp#27;[92m|---- And Change Order Status to "Delivery Completed" By API&amp#27;[0m
{"MessageHeader":{"DocumentType":"CXML_ORDRSP"},"MessageBody":{"ContentList":[{"TRANSIT_TRADE_UNIT_PRICE":"0.000000","NOTA_NO":null,"CARRIER_NAME":"PANTOS","BILL_TO_ADDRESS2_INFO":null,"CONSIGNEE_POSTAL_CODE":"180000","ORDER_CREATED_BY":"404581","SHIPPING_REMARK_INFO":null,"PHONE_NO":null,"SHIP_TO_POSTAL_CODE":"100001","SHIPMENT_PRIORITY_CODE":"Standard","RESIDENCE_TYPE_CODE":null,"TAX_AMOUNT":"313636.000000","SHIP_TO_COUNTY":null,"UNIT_SELLING_PRICE":"3450000.000000","CUSTOMER_CODE":"VN008500001H","SERVICE_CENTER_NAME":null,"PROMISED_SHIP_DATE":null,"BPM_APPROVAL_DATE":null,"ORDER_TYPE_NAME":"REGULAR_OMD_VH","HQ_ACCOUNTING_UNIT_CODE":"GLZ","ORDER_QUANTITY_UOM":"EA","DELIVERY_EXPECTED_YYYYMMDD":"20201027","DELIVERY_CAPACITY_FLAG":null,"SCHEDULE_SHIP_DATE":"2020-10-28 23:00:00.0","SALESPERSON_NO":"VH005735","TRANSPORT_PRO_NO":null,"TRANSFER_FLAG":"E","ZERO_INVO_FLAG":null,"SHIP_TO_STATE_CODE":"HN","RESULT_AFFILIATE_CODE":null,"SALES_DATE":"2020-10-27 16:25:04.0","CONSUMER_SSN":null,"INIT_PROMISED_SHIP_DATE":null,"AUTO_CANCEL_SCHEDULE_DATE":null,"GOODS_INS_SEQ":null,"RETURN_RECEIVING_DATE":"2020-10-26 16:56:07.0","COMPONENT_NO":null,"ORDER_CATEGORY_CODE":"ORDER","EMPLOYEE_NO":"VH005735","REINVOICE_REASON_CODE":null,"RETURN_TYPE_CODE":null,"ORIG_SYS_DOCUMENT_REF":"ORDER_11010004617","LINE_TYPE_CODE":"OMD_REG_L020","DROP_SHIP_FLAG":"N","COND_SHP_WITH_INSP_QTY":"0.00","LINE_CREATION_DATE":"2020-10-24 10:43:28.0","INSTALL_IN_BILL_TO_NAME":null,"CONSIGNEE_ADDR4_INFO":null,"B2B_SVC_FLAG":null,"SHIP_TO_ADDRESS1_INFO":"HN","HEADER_REQUEST":"2020-10-25 10:40:05.0","PAYMENT_TERMS_DESC":"Immediate","CONSIGNEE_COUNTRY_NAME":"VN","OTHER_RECEIVING_ISSUE_FLAG":"N","FULFILLED_FLAG":"Y","SALES_CHANNEL_CODE":"002_NON-CHANNEL","FULFILLED_AMOUNT":"3450000.000000","PURCHASE_ORDER_DATE":null,"EXCLUDE_CODE":null,"CONNECT_BILL_TO_NAME":null,"CUST_PO_DATE":"2020-10-24 00:00:00.0","ORDER_TYPE_ID":"124820","SALES_DEPARTMENT_NAME":"HCM SALES E-COMMERCE","SELLER_MOBILE_NO":null,"NSP_PRICE":"0.000000","PRODUCT_LEVEL3_CODE":"TVLE32","TRANSIT_TRADE_CHARGE_AMOUNT":"0.000000","CONSUMER_PURCHASE_DATE":null,"USED_PRODUCT_LINE_CODE":null,"ACTUAL_SHIPMENT_DATE":"2023-08-01 16:56:07.0","SHIP_TO_CUSTOMER_CODE":"VN008500-B2E-S","CUSTOMER_INVOICE_NO":null,"CHANGE_CODE":null,"BILL_TO_ADDRESS4_INFO":null,"FULFILLMENT_DATE":"2020-10-27 16:25:04.0","APPOINTMENT_TO_DATE":"2020-10-28 23:00:00.0","DEF_RTN_TYPE_CODE":null,"BILL_FROM_AFFILIATE_CODE":null,"RETURN_REASON_CODE":null,"INSTALL_CUSTOMER_CODE":null,"NOTA_DATE":null,"CHARGEBACK_NO":null,"CONSIGNEE_STATE_NAME":null,"CUSTOMER_RAD_HEADER":"2020\/10\/25 00:00:00","CONSIGNEE_PHONE_NO":"0826392988","ORDER_STATUS_CODE":"AWAITING_SHIPPING","ORIG_SYS_LINE_REF":"ORDER_17121709","CONSIGNEE_MOBILE_PHONE_NO":"0826392988","CONSIGNEE_PROVINCE_NAME":null,"LINE_SET_ID":null,"INSTALL_REQUEST_DATE":null,"CONSIGNEE_ADDR1_INFO":"6B\/51\/172 duong Nguyen Cong Hoa, quan Le Chan, TP ","ORDER_LINE_ID":"124820","ORDER_ALLOCATION_DATE":null,"BILL_TO_MDMS_CUSTOMER_CODE":"VN008500","MEMBERSHIP_NO":null,"BLNKT_SALES_AGR_LINE_NO":null,"REAL_SITE_NAME":null,"DISCOUNT_RATE":"0.0000","PROMISE_DATE":"2020-10-28 23:00:00.0","SMS_FLAG":null,"EXPECTED_ARRIVAL_DATE":null,"SHIP_TO_ADDRESS4_INFO":null,"UNIT_LIST_PRICE":"3450000.000000","TRANSIT_TRADE_FLAG":null,"BPM_REQUEST_NO":null,"SHIP_TO_CITY_NAME":"HO CHI MINH","ORDER_CONTEXT":"GSALES_OMD_REGULAR","MODEL_CATEGORY":"LCDbasic","LAST_UPDATED_BY":"88862","PAYMENT_TERM_ID":"1273","VERTICAL_ID":null,"SHIPMENT_NO":"1","LATEST_ACCEPTABLE_DATE":null,"RETURN_APPROVAL_DATE":null,"PROJECT_CODE":"VH20C00000000","SALES_CHANNEL_NAME":"Non-channel sale of South Area (group 002)","SHIPPING_HOLD_FLAG":null,"SHIPPABLE_FLAG":"Y","TAX_INCLUDE_AMT":"313636.000000","WAREHOUSE_TYPE_CODE":"S","AFFILIATE_CODE":"EAVH","LINK_TO_LINE_ID":null,"ORDER_SOURCE_DESC":"LG Online Brand Shop (New)","SVC_REFERENCE_LINE_ID":null,"HOME_DELIVERY_CAPACITY_RATE":"0.0000","ORDER_TYPE_CODE":"OMD_REG_H010","LINE_NO":"1","OFFERING_EXPIRE_DATE":null,"PACKING_INSTR":null,"ORDER_SOURCE_NAME":"OMD_LGOBS","CONSIGNEE_NAME":"Tan Hoang Trong","EDI_PARTNER_ID":null,"BIZ_ITEM_TYPE_CODE":"SET","APPOINTMENT_FROM_DATE":"2020-10-28 23:00:00.0","CARRIER_JOB_NO":1,"REAL_PURCHASE_DATE":null,"EXPENSE_DEPARTMENT_CODE":null,"FREIGHT_CHARGE_AMOUNT":"0.000000","PICK_NO":"AYA20102600052","RECEIPT_CUST_PHONE_NO":"0826392988","CURRENCY_CODE":"VND","LINE_CATEGORY_CODE":"ORDER","CHANNEL_CODE":null,"PRODUCT_LEVEL4_CODE":"TVLE32NX","DOMAIN_CODE":"OMD","ORDER_QTY":"1.00","COND_SHP_WITH_INSP_DATE":null,"CONTACT_FAX_NO":null,"AUTO_CHANGE_REASON":null,"CUSTOMER_PO_LINE_NO":null,"ITEM_TYPE":"Q","CANCEL_QTY":"0.00","ORIGINAL_ORDER_LINE_NO":null,"CUST_PO_LINE_ID":null,"LINE_TYPE_NAME":"REGULAR_M_OMD_VH_L","FREE_OF_CHARGE_FLAG":"N","SALES_ORDER_LINE_NO":"1.1","LOGISTICS_INTERFACE_FLAG":"N","CONNECT_BILL_TO_CODE":null,"SOLD_TO_ORG_ID":"13148433","TRANSFER_DATE":"2020-10-27 19:13:52","INSTALL_IN_BILL_TO_CODE":null,"FIXED_ARRIVAL_DATE":null,"CUSTOMER_MODEL_CODE":null,"PICKING_DATE":"2020-10-26 16:56:07.0","EXPENSE_ACCOUNT_CODE":null,"OFFERING_TYPE_NAME":null,"ORDERED_DATE":"2020-10-24 10:42:22.0","CONTACT_BIZ_NO":"...","SVC_REFERENCE_HEADER_ID":null,"MODE_OF_TRANSPORT":"TRUCK","MODE_DESC":"LED LCD TV 32 (HD)","CHANNEL_ORDER_NO":null,"ORG_ID":"2472781","COMM_BIZ_SUBMISSION_NO":null,"SUB_EDI_PARTNER_ID":null,"CUSTOMER_INTERFACE_FLAG":"X","CUSTOMER_RAD_LINE":"2020\/10\/25 00:00:00","QTY_INCLUDE_FLAG":"Y","TRANSIT_TRADE_PO_LINE_ID":null,"DIO_REQUEST_SHIPMENT_DATE":null,"PICK_RELEASE_DATE":"2020-10-26 15:23:02.0","DISCOUNT_SUBMISSION_NO":null,"CANCELLED_FLAG":"N","SALES_PRODUCT_MANAGER_ID":null,"RETURN_REASON_DESC":null,"ORIGINAL_ORDER_NO":null,"PROMISED_MAD":null,"PARENT_CHANNEL_MEANING":"VN SALES CHANNEL","BILL_TO_ADDRESS3_INFO":null,"TOP_MODEL_LINE_ID":null,"ORDER_SOURCE_ID":"1730","PROMISED_ARRIVAL_DATE":null,"DIGITAL_SALES_EXPERT_NAME":null,"COLLECTION_DATE":null,"SALES_MODEL_CODE":"32LM636BPTB.ATV","ITEM_ID":"42765534","TRANSIT_TRADE_TYPE_CODE":null,"BOOKED_FLAG":"Y","REQUEST_ARRIVAL_TO_DATE":null,"FUNCTIONAL_CURRENCY_CODE":"VND","INIT_PROMISED_ARRIVAL_DATE":null,"CUST_PO_NO":"ORDER_18000008719","STORE_CODE":null,"CONVERSION_TYPE_CODE":"2243","BILL_TO_CUSTOMER_CODE":"VN008500001B","MOVE_ORDER_LINE_ID":"210648493","SALES_DEPARTMENT_CODE":"20102","SHIP_TO_COUNTRY_CODE":"VN","TRANSIT_TRADE_IMPORT_AMOUNT":"0.000000","APPROVAL_STATUS_CODE":null,"HQ_CREATION_DATE":"2020-10-27 18:50:01.0","CUSTOMER_GROUP_CODE":null,"SHIP_TO_STATE_NAME":null,"PROMISING_POLICY_CODE":null,"INTERFACE_GROUP_ID":"21223","FLOORING_COMPANY_CODE":null,"BILL_TO_CITY_NAME":null,"ITEM_TYPE_CODE":"STANDARD","OFFERING_NO":null,"ORDERED_ITEM":"32LM636BPTB.ATV","SALESREP_ID":"103986524","INSTALL_EX_BILL_TO_CODE":null,"CONTACT_NAME":null,"SERVICE_CENTER_CODE":null,"ORGANIZATION_CODE":null,"INVOICE_REMARK_DESC":null,"ORDER_LINE_CONTEXT":"GSALES_OMD_REGULAR","PAYMENT_TERM":"N0000FSN1000","BIZ_REGISTER_NO":"...","RESULT_SALESPERSON_ID":"103986524","MDMS_CUSTOMER_CODE":"VN008500","BOOKED_DATE":"2020-10-24 10:43:33.0","ORDER_AMOUNT":"3450000.000000","INTEREST_AMT":"0.000000","REQUEST_ARRIVAL_FROM_DATE":"2020-10-25 10:40:05.0","FINAL_DESTINATION_CODE":null,"ORDER_HEADER_ID":"11010004035","BILL_TO_ADDRESS1_INFO":".","SUBSIDIARY_CODE":"LGEVH","SPLIT_FROM_LINE_ID":null,"DIGITAL_SALES_EXPERT_CODE":null,"CARRIER_CODE":"PANTOS","CONTACT_EMAIL_ADDR":null,"PICKING_QTY":"1.00","PARENT_CHANNEL_CODE":"VN_SALES_CHANNEL","COMMISSION_RATE1":"0.0000","COMMISSION_RATE2":"0.0000","WAREHOUSE_CODE":"AYA","MODEL_CODE":"32LM636BPTB.ATV","SALESREP_NAME":null,"FULFILLED_QTY":"1.00","PICK_RELEASE_QTY":"1.0000","SVC_SERIAL_NO":null,"SHIP_TO_ADDRESS3_INFO":null,"SHIP_TO_COUNTRY_NAME":"Viet Nam","BLNKT_SALES_AGR_NO":null,"BILL_TO_STATE_CODE":null,"PRODUCT_LEVEL1_CODE":"TV","FIRST_REFERENCE_LINE_ID":null,"SHIP_TO_ORG_ID":"4179240","CONSIGNEE_ADDR2_INFO":" Quan Le Chan - Hai Phong","HEADER_LAST_UPDATE_DATE":"2020-10-24 12:43:31.0","PRICE_TERMS_CODE":null,"COMM_BIZ_SUBMISSION_LINE_ID":null,"SHIP_FROM_SITE_ID":null,"HOLD_FLAG":"N","PRODUCT_LEVEL2_CODE":"TVLE","CONTAINER_NO":null,"ALLOCATION_ID":null,"LINE_STATUS_CODE2":"INVO","USD_PRICE":"0.000000","SALES_ORDER_NO":"1000562577","BEFORE_MONTH_TWA_COST":"0.000000","BILL_TO_ID":"4177922","APPOINTMENT_NAME":null,"CREATED_BY":"-1","STANDARD_PRICE":"6900000.000000","SHIPPING_METHOD_CODE":"000001_PANTOS_T_DOM_SITE","TRANSIT_TRADE_PO_HEADER_ID":null,"OFFERING_TYPE_CODE":null,"HLDS_FLAG":"N","CREATION_DATE":"2020-10-27 16:49:33.0","PRICE_LIST_ID":"97227095","CHANGE_DATE":null,"LINE_LAST_UPDATE_DATE":"2020-10-27 16:29:57.0","ACCOUNTING_UNIT_CODE":"SAL","SALESPERSON_NAME":"HO, THI NGUYEN MINH. THI, HO NGUYEN MINH. HO NGUYEN MINH THI","CUSTOMER_DEBIT_NO":null,"RECEIPT_CUST_NAME":"Tan Hoang Trong","PO_TYPE_CODE":null,"INTERFACE_ID":"124820","INSTALL_TYPE_CODE":null,"CONSIGNEE_COUNTY_NAME":null,"SERVICE_NO":null,"BACK_ORDER_CHANGE_DATE":null,"LINE_TYPE_ID":"29101","OPEN_FLAG":"N","LOT_NO":null,"SHIP_TO_CUSTOMER_NAME":"B2E-Hanoi","LIST_PRICE":"3450000.000000","SHIP_FROM_ORG_ID":"267826","SHIPPED_QTY":"1.00","LINE_CREATED_BY":"404581","ONETIME_CUSTOMER_FLAG":"N","CUSTOMER_INTERFACE_DATE":"2020-10-27 16:49:33.0","MASTER_AMOUNT":"3450000.000000","CONSIGNEE_CITY_NAME":"Hai Phong","LC_NO":null,"PRICE_LIST_NAME":"VH-VND-SHIP-VN008500-B2E-S","CUSTOMER_RAD":"2020-10-25 00:00:00.0","DATA_CREATION_TYPE_CODE":"I","LINK_ORDER_LINE_ID":null,"PARTIAL_FLAG":"Y","ORIGINAL_LINE_ID":null,"LINE_STATUS_CODE":"CLOSED","BILL_TO_POSTAL_CODE":null,"WEEE_CHARGE_AMOUNT":"0.000000","INCLUDE_TAX_AMOUNT":"3450000.000000","SALESREP_CODE":null,"SCAC_CODE":null,"PTO_TOP_MODEL_CODE":null,"WAREHOUSE_NAME":"VH_Hanoi","BILL_TO_CUSTOMER_NAME":"OBS","OPTION_NO":null,"FOC_TYPE_CODE":null,"CONVERSION_RATE":"0E-8","EXCLUDE_TAX_AMOUNT":"3136364.000000","SUBINVENTORY_CODE":"GOODSET","LAST_UPDATE_LOGIN":"1285828382","CUSTOMER_NAME":"OBS","EXPENSE_ACCOUNTING_UNIT_CODE":null,"APPOINTMENT_NO":null,"CONSIGNEE_ADDR3_INFO":"tan.hoang@lgepartner.com","SHIP_TO_ADDRESS2_INFO":null,"RECEIPT_CUST_CELLULAR_NO":"0826392988","HEADER_CREATION_DATE":"2020-10-24 12:43:26.0","REQUEST_SHIPPING_DATE":"2020-10-28 23:00:00.0","SHIP_FROM_AFFILIATE_CODE":null,"FREIGHT_TERMS_CODE":null,"INSTALL_EX_BILL_TO_NAME":null,"RETURN_LOSS_AMOUNT":"0.000000"}]}}
&amp#27;[92m|------ Auto should see a value that is equal to: <200>&amp#27;[0m
{
    "IFRESULT": "Y",
    "IFFAILMSG": ""
}
{
    "IFRESULT": "Y",
    "IFFAILMSG": ""
}
Sleep 1s
Sleep 2s
Sleep 3s
Sleep 4s
Sleep 5s
Sleep 6s
Sleep 7s
Sleep 8s
Sleep 9s
Sleep 10s
Sleep 11s
Sleep 12s
Sleep 13s
Sleep 14s
Sleep 15s
Sleep 16s
Sleep 17s
Sleep 18s
Sleep 19s
Sleep 20s
Sleep 21s
Sleep 22s
Sleep 23s
Sleep 24s
Sleep 25s
Sleep 26s
Sleep 27s
Sleep 28s
Sleep 29s
Sleep 30s
Sleep 31s
Sleep 32s
Sleep 33s
Sleep 34s
Sleep 35s
Sleep 36s
Sleep 37s
Sleep 38s
Sleep 39s
Sleep 40s
Sleep 41s
Sleep 42s
Sleep 43s
Sleep 44s
Sleep 45s
Sleep 46s
Sleep 47s
Sleep 48s
Sleep 49s
Sleep 50s
Sleep 51s
Sleep 52s
Sleep 53s
Sleep 54s
Sleep 55s
Sleep 56s
Sleep 57s
Sleep 58s
Sleep 59s
Sleep 60s
  &amp#27;[32mAnd &amp#27;[0m&amp#27;[32mChange Order Status to &amp#27;[0m&amp#27;[32m&amp#27;[1m"Delivery Completed"&amp#27;[0m&amp#27;[32m By API&amp#27;[0m     &amp#27;[90m# stepdefinitions.OderStep.changeOrderStatusByApi(java.lang.String)&amp#27;[0m
&amp#27;[92m|---- When Create Return Request With Order Number&amp#27;[0m
Get session id: COUNTRY - de
&amp#27;[92m|------ Auto should see a value that is equal to: <200>&amp#27;[0m
{
    "data": {
        "customAttributeMetadata": {
            "items": [
                {
                    "attribute_code": "return_type",
                    "attribute_type": "String",
                    "entity_type": "rma_item",
                    "input_type": "select",
                    "attribute_options": [
                        {
                            "value": "909",
                            "label": "DR"
                        },
                        {
                            "value": "912",
                            "label": "GR"
                        },
                        {
                            "value": "252",
                            "label": "OR"
                        }
                    ]
                },
                {
                    "attribute_code": "reason_for_omd",
                    "attribute_type": "Int",
                    "entity_type": "rma_item",
                    "input_type": "select",
                    "attribute_options": [
                        {
                            "value": "214",
                            "label": "Kundenretoure innerhalb von 14 Tagen. Falsches Produkt wurde geliefert (zurück zu LG)"
                        },
                        {
                            "value": "915",
                            "label": "Kundenretoure innerhalb von 14 Tagen. Sonstige Gründe (zurück zu LG Servicelager)"
                        }
                    ]
                },
                {
                    "attribute_code": "reason_for_omv",
                    "attribute_type": "Int",
                    "entity_type": "rma_item",
                    "input_type": "select",
                    "attribute_options": [
                        
                    ]
                },
                {
                    "attribute_code": "resolution",
                    "attribute_type": "Int",
                    "entity_type": "rma_item",
                    "input_type": "select",
                    "attribute_options": [
                        {
                            "value": "5",
                            "label": "Refund"
                        }
                    ]
                },
                {
                    "attribute_code": "condition",
                    "attribute_type": "Int",
                    "entity_type": "rma_item",
                    "input_type": "select",
                    "attribute_options": [
                        {
                            "value": "1090",
                            "label": "BESCHÄDIGT"
                        },
                        {
                            "value": "1093",
                            "label": "NEU (original verpackt)"
                        },
                        {
                            "value": "1096",
                            "label": "NEU (original verpackt)"
                        },
                        {
                            "value": "1099",
                            "label": "Unopened"
                        },
                        {
                            "value": "1102",
                            "label": "BENUTZT"
                        },
                        {
                            "value": "1105",
                            "label": "Opened"
                        }
                    ]
                }
            ]
        }
    }
}
  &amp#27;[31mWhen &amp#27;[0m&amp#27;[31mCreate Return Request With Order Number&amp#27;[0m               &amp#27;[90m# stepdefinitions.ReturnStep.createReturnRequest()&amp#27;[0m
      &amp#27;[31mjava.lang.ClassCastException: java.util.LinkedHashMap cannot be cast to java.util.List
	at io.restassured.path.json.JsonPath.getList(JsonPath.java:375)
	at smartosc.base.scrennplay.rest.ReturnPage.getAttributeMetaData(ReturnPage.java:47)
	at stepdefinitions.ReturnStep.createReturnRequest(ReturnStep.java:12)
	at âœ½.Create Return Request With Order Number(file:///D:/Automation-Api/GSM_API/src/test/resources/features/GlobalShippingMethod.feature:38)
&amp#27;[0m
&amp#27;[92m|------ And Change RMA Status To "Return Processing" by API&amp#27;[0m
  &amp#27;[36mAnd &amp#27;[0m&amp#27;[36mChange RMA Status To &amp#27;[0m&amp#27;[36m&amp#27;[1m"Return Processing"&amp#27;[0m&amp#27;[36m by API&amp#27;[0m        &amp#27;[90m# stepdefinitions.ReturnStep.changeRMAStatus(java.lang.String)&amp#27;[0m
After run global shipping method
]]></system-out>
    <system-err><![CDATA[[main] INFO io.cucumber.core.plugin.SerenityReporter - Running feature from file:///D:/Automation-Api/GSM_API/src/test/resources/features/GlobalShippingMethod.feature
[main] INFO  - &amp#27;[96m

-------------------------------------------------------------------------------------
     _______. _______ .______       _______ .__   __.  __  .___________.____    ____ 
    /       ||   ____||   _  \     |   ____||  \ |  | |  | |           |\   \  /   / 
   |   (----`|  |__   |  |_)  |    |  |__   |   \|  | |  | `---|  |----` \   \/   /  
    \   \    |   __|  |      /     |   __|  |  . `  | |  |     |  |       \_    _/   
.----)   |   |  |____ |  |\  \----.|  |____ |  |\   | |  |     |  |         |  |     
|_______/    |_______|| _| `._____||_______||__| \__| |__|     |__|         |__|    
                                                                                     
 News and tutorials at http://www.serenity-bdd.info                                  
 Documentation at https://wakaleo.gitbooks.io/the-serenity-book/content/             
 Join the Serenity Community on Gitter: https://gitter.im/serenity-bdd/serenity-core 
 Serenity BDD Support and Training at http://serenity-bdd.info/#/trainingandsupport  
-------------------------------------------------------------------------------------
&amp#27;[0m
[main] INFO  - Test Suite Started: Demo Guest place order with API
[main] INFO io.cucumber.core.plugin.SerenityReporter - Running feature from file:///D:/Automation-Api/GSM_API/src/test/resources/features/Test.feature
[main] INFO  - Test Suite Started: Test
[main] INFO io.cucumber.core.plugin.SerenityReporter - Running feature from file:///D:/Automation-Api/GSM_API/src/test/resources/features/GlobalShippingMethod.feature
[main] INFO  - Test Suite Started: Demo Guest place order with API
[main] INFO io.cucumber.core.plugin.SerenityReporter - Running feature from file:///D:/Automation-Api/GSM_API/src/test/resources/features/GlobalShippingMethod.feature
[main] INFO  - 
  _____   ___   ___   _____     ___   _____     _     ___   _____   ___   ___  
 |_   _| | __| / __| |_   _|   / __| |_   _|   /_\   | _ \ |_   _| | __| |   \ 
   | |   | _|  \__ \   | |     \__ \   | |    / _ \  |   /   | |   | _|  | |) |
   |_|   |___| |___/   |_|     |___/   |_|   /_/ \_\ |_|_\   |_|   |___| |___/ 

global shipping method(demo-guest-place-order-with-api;global-shipping-method)
--------------------------------------------------------------------------------
[main] INFO net.serenitybdd.core.webdriver.driverproviders.ChromeDriverProvider - Using automatically driver download
[main] ERROR io.github.bonigarcia.wdm.online.HttpClient - Error HTTP 404 executing https://chromedriver.storage.googleapis.com/LATEST_RELEASE_119
[main] WARN io.github.bonigarcia.wdm.versions.VersionDetector - Exception reading https://chromedriver.storage.googleapis.com/LATEST_RELEASE_119 to get latest version of chromedriver (Error HTTP 404 executing https://chromedriver.storage.googleapis.com/LATEST_RELEASE_119)
[main] INFO io.github.bonigarcia.wdm.WebDriverManager - Exporting webdriver.chrome.driver as C:\Users\dunghv1\.cache\selenium\chromedriver\win32\114.0.5735.90\chromedriver.exe
Starting ChromeDriver 119.0.6045.105 (38c72552c5e15ba9b3117c0967a0fd105072d7c6-refs/branch-heads/6045@{#1103}) on port 54143
Only local connections are allowed.
Please see https://chromedriver.chromium.org/security-considerations for suggestions on keeping ChromeDriver safe.
ChromeDriver was started successfully.
Nov 30, 2023 5:41:23 PM org.openqa.selenium.remote.ProtocolHandshake createSession
INFO: Detected dialect: W3C
Nov 30, 2023 5:41:23 PM org.openqa.selenium.devtools.CdpVersionFinder findNearestMatch
WARNING: Unable to find an exact match for CDP version 119, so returning the closest version found: a no-op implementation
Nov 30, 2023 5:41:23 PM org.openqa.selenium.devtools.CdpVersionFinder findNearestMatch
INFO: Unable to find CDP implementation matching 119.
Nov 30, 2023 5:41:23 PM org.openqa.selenium.chromium.ChromiumDriver lambda$new$3
WARNING: Unable to find version of CDP to use for . You may need to include a dependency on a specific version of the CDP using something similar to `org.seleniumhq.selenium:selenium-devtools-v86:4.1.2` where the version ("v86") matches the version of the chromium-based browser you're using and the version number of the artifact is the same as Selenium's.
[main] INFO  - &amp#27;[91mSTEP ERROR: java.lang.ClassCastException: java.util.LinkedHashMap cannot be cast to java.util.List&amp#27;[0m
[main] INFO  - &amp#27;[33m      -> STEP IGNORED&amp#27;[0m
]]></system-err>
  </testcase>
</testsuite>