<?xml version="1.0" encoding="UTF-8" standalone="no"?><testsuite errors="0" failures="1" name="Test" skipped="0" tests="1" time="3.02" timestamp="2023-11-30 01:38:43"><testcase name="Test"><failure message="&#10;Expecting a value that is equal to: &lt;200&gt;&#10;But got...........................: &lt;500&gt;" type="java.lang.AssertionError">
Expecting a value that is equal to: &lt;200&gt;
But got...........................: &lt;500&gt;</failure><system-err>
Expecting a value that is equal to: &lt;200&gt;
But got...........................: &lt;500&gt;&#13;
smartosc.base.scrennplay.rest.RestAssuredCommon.getResponse(RestAssuredCommon.java:46)&#13;
smartosc.base.scrennplay.rest.RestAssuredCommon.getResponseGraphql(RestAssuredCommon.java:21)&#13;
smartosc.base.scrennplay.rest.CartPageGSM.performAs(CartPageGSM.java:54)&#13;
stepdefinitions.CartStepGSM.createEmptyCart(CartStepGSM.java:16)&#13;
io.cucumber.java.Invoker.doInvoke(Invoker.java:66)&#13;
io.cucumber.java.Invoker.invoke(Invoker.java:24)&#13;
io.cucumber.java.AbstractGlueDefinition.invokeMethod(AbstractGlueDefinition.java:47)&#13;
io.cucumber.java.JavaStepDefinition.execute(JavaStepDefinition.java:29)&#13;
io.cucumber.core.runner.CoreStepDefinition.execute(CoreStepDefinition.java:66)&#13;
io.cucumber.core.runner.PickleStepDefinitionMatch.runStep(PickleStepDefinitionMatch.java:63)&#13;
io.cucumber.core.runner.TestStep.executeStep(TestStep.java:86)&#13;
io.cucumber.core.runner.TestStep.run(TestStep.java:57)&#13;
io.cucumber.core.runner.PickleStepTestStep.run(PickleStepTestStep.java:51)&#13;
io.cucumber.core.runner.TestCase.run(TestCase.java:95)&#13;
io.cucumber.core.runner.Runner.runPickle(Runner.java:75)&#13;
io.cucumber.core.runtime.CucumberExecutionContext.lambda$runTestCase$3(CucumberExecutionContext.java:151)&#13;
io.cucumber.core.runtime.RethrowingThrowableCollector.executeAndThrow(RethrowingThrowableCollector.java:23)&#13;
io.cucumber.core.runtime.CucumberExecutionContext.runTestCase(CucumberExecutionContext.java:151)&#13;
io.cucumber.junit.FeatureRunner.runChild(FeatureRunner.java:144)&#13;
io.cucumber.junit.FeatureRunner.runChild(FeatureRunner.java:28)&#13;
io.cucumber.junit.FeatureRunner.run(FeatureRunner.java:137)&#13;
io.cucumber.junit.CucumberSerenityRunner.runChild(CucumberSerenityRunner.java:259)&#13;
io.cucumber.junit.CucumberSerenityRunner.runChild(CucumberSerenityRunner.java:58)&#13;
</system-err></testcase></testsuite>