<?xml version="1.0" encoding="UTF-8" standalone="no"?><testsuite errors="1" failures="0" name="Demo Guest place order with API" skipped="0" tests="1" time="328.2" timestamp="2023-11-30 05:41:02"><testcase name="global shipping method"><error message="java.util.LinkedHashMap cannot be cast to java.util.List" type="java.lang.ClassCastException">java.util.LinkedHashMap cannot be cast to java.util.List</error><system-err>java.util.LinkedHashMap cannot be cast to java.util.List&#13;
io.restassured.path.json.JsonPath.getList(JsonPath.java:375)&#13;
smartosc.base.scrennplay.rest.ReturnPage.getAttributeMetaData(ReturnPage.java:47)&#13;
stepdefinitions.ReturnStep.createReturnRequest(ReturnStep.java:12)&#13;
✽.Create Return Request With Order Number(file:///D:/Automation-Api/GSM_API/src/test/resources/features/GlobalShippingMethod.feature:38)&#13;
</system-err></testcase></testsuite>